2025.10.14 16:48:00 INFO  Started: Metals version 1.6.2 in folders '/home/lvn/prg/scala/test/Exirom/psp_system' for client Cursor 1.99.3.
2025.10.14 16:48:05 INFO  running '/usr/bin/sbt -Dbloop.export-jar-classifiers=sources bloopInstall'
2025.10.14 16:48:06 INFO  no build target found for /home/lvn/prg/scala/test/Exirom/psp_system/project/metals.sbt. Using presentation compiler with project's scala-library version: 3.3.6
2025.10.14 16:48:06 WARN  no build target for: /home/lvn/prg/scala/test/Exirom/psp_system/project/metals.sbt
2025.10.14 16:48:10 INFO  [info] welcome to sbt 1.11.7 (Eclipse Adoptium Java 21.0.7)
2025.10.14 16:48:17 INFO  [info] loading settings for project psp_system-build-build from metals.sbt...
2025.10.14 16:48:19 INFO  [info] loading project definition from /home/lvn/prg/scala/test/Exirom/psp_system/project/project
2025.10.14 16:48:23 INFO  [info] loading settings for project psp_system-build from metals.sbt...
2025.10.14 16:48:23 INFO  [info] loading project definition from /home/lvn/prg/scala/test/Exirom/psp_system/project
2025.10.14 16:48:27 INFO  [success] Generated .bloop/psp_system-build.json
2025.10.14 16:48:27 INFO  [info] compiling 1 Scala source to /home/lvn/prg/scala/test/Exirom/psp_system/project/target/scala-2.12/sbt-1.0/classes ...
2025.10.14 16:48:27 INFO  [info] Non-compiled module 'compiler-bridge_2.12' for Scala 2.12.20. Compiling...
2025.10.14 16:48:41 INFO  [info]   Compilation completed in 13.792s.
2025.10.14 16:48:41 INFO  [info] done compiling
2025.10.14 16:48:41 INFO  [success] Total time: 19 s, completed Oct 14, 2025, 4:48:42 PM
2025.10.14 16:48:46 INFO  [info] loading settings for project root from build.sbt...
2025.10.14 16:48:46 INFO  [info] set current project to PSP_System (in build file:/home/lvn/prg/scala/test/Exirom/psp_system/)
2025.10.14 16:48:46 INFO  [success] Generated .bloop/root-test.json
2025.10.14 16:48:46 INFO  [success] Generated .bloop/root.json
2025.10.14 16:48:46 INFO  [success] Total time: 0 s, completed Oct 14, 2025, 4:48:47 PM
2025.10.14 16:48:47 INFO  time: ran 'sbt bloopInstall' in 42s
2025.10.14 16:48:47 INFO  Attempting to connect to the build server...
2025.10.14 16:48:47 INFO  Found a Bloop server running
2025.10.14 16:48:48 INFO  tracing is disabled for protocol BSP, to enable tracing of incoming and outgoing JSON messages create an empty file at /home/lvn/prg/scala/test/Exirom/psp_system/.metals/bsp.trace.json or /home/lvn/.cache/metals/bsp.trace.json
2025.10.14 16:48:48 INFO  Attempting to connect to the build server...
2025.10.14 16:48:48 INFO  Found a Bloop server running
2025.10.14 16:48:48 INFO  tracing is disabled for protocol BSP, to enable tracing of incoming and outgoing JSON messages create an empty file at /home/lvn/prg/scala/test/Exirom/psp_system/project/.metals/bsp.trace.json or /home/lvn/.cache/metals/bsp.trace.json
2025.10.14 16:48:48 INFO  time: Connected to build server in 0.32s
2025.10.14 16:48:48 INFO  Connected to Build server: Bloop v2.0.13
2025.10.14 16:48:59 INFO  time: indexed workspace in 10s
2025.10.14 16:49:14 INFO  compiling root (1 scala source)
2025.10.14 16:49:18 INFO  time: compiled root in 3.86s
2025.10.14 16:58:01 INFO  compiling psp_system-build (1 scala source)
2025.10.14 16:58:06 INFO  time: compiled psp_system-build in 5.33s
2025.10.14 16:58:09 INFO  compiling psp_system-build (1 scala source)
2025.10.14 16:58:11 INFO  time: compiled psp_system-build in 1.94s
2025.10.14 16:58:19 INFO  compiling psp_system-build (1 scala source)
2025.10.14 16:58:21 INFO  time: compiled psp_system-build in 2.41s
2025.10.14 16:58:23 INFO  no build target found for /home/lvn/prg/scala/test/Exirom/psp_system/psp-domain/src/main/scala/psp/domain/Models.scala. Using presentation compiler with project's scala-library version: 2.13.16
2025.10.14 16:58:23 WARN  no build target for: /home/lvn/prg/scala/test/Exirom/psp_system/psp-domain/src/main/scala/psp/domain/Models.scala
2025.10.14 16:58:23 INFO  no build target found for /home/lvn/prg/scala/test/Exirom/psp_system/psp-domain/src/main/scala/psp/domain/Models.scala. Using presentation compiler with project's scala-library version: 2.13.16
2025.10.14 16:58:23 WARN  no build target for: /home/lvn/prg/scala/test/Exirom/psp_system/psp-domain/src/main/scala/psp/domain/Models.scala
2025.10.14 16:58:23 INFO  no build target found for /home/lvn/prg/scala/test/Exirom/psp_system/psp-domain/src/main/scala/psp/domain/Models.scala. Using presentation compiler with project's scala-library version: 2.13.16
2025.10.14 16:58:25 INFO  no build target found for /home/lvn/prg/scala/test/Exirom/psp_system/psp-domain/src/main/scala/psp/domain/Models.scala. Using presentation compiler with project's scala-library version: 2.13.16
2025.10.14 16:58:25 INFO  no build target found for /home/lvn/prg/scala/test/Exirom/psp_system/psp-domain/src/main/scala/psp/domain/Models.scala. Using presentation compiler with project's scala-library version: 2.13.16
2025.10.14 16:58:27 INFO  no build target found for /home/lvn/prg/scala/test/Exirom/psp_system/psp-domain/src/main/scala/psp/domain/Models.scala. Using presentation compiler with project's scala-library version: 2.13.16
2025.10.14 16:58:27 INFO  no build target found for /home/lvn/prg/scala/test/Exirom/psp_system/psp-domain/src/main/scala/psp/domain/Models.scala. Using presentation compiler with project's scala-library version: 2.13.16
2025.10.14 16:58:27 WARN  no build target for: /home/lvn/prg/scala/test/Exirom/psp_system/psp-domain/src/main/scala/psp/domain/Models.scala
2025.10.14 16:58:27 INFO  no build target found for /home/lvn/prg/scala/test/Exirom/psp_system/psp-domain/src/main/scala/psp/domain/Models.scala. Using presentation compiler with project's scala-library version: 2.13.16
2025.10.14 16:58:29 INFO  no build target found for /home/lvn/prg/scala/test/Exirom/psp_system/psp-core/src/main/scala/psp/core/Validation.scala. Using presentation compiler with project's scala-library version: 2.13.16
2025.10.14 16:58:29 WARN  no build target for: /home/lvn/prg/scala/test/Exirom/psp_system/psp-core/src/main/scala/psp/core/Validation.scala
2025.10.14 16:58:29 INFO  no build target found for /home/lvn/prg/scala/test/Exirom/psp_system/psp-core/src/main/scala/psp/core/Validation.scala. Using presentation compiler with project's scala-library version: 2.13.16
2025.10.14 16:58:29 INFO  no build target found for /home/lvn/prg/scala/test/Exirom/psp_system/psp-core/src/main/scala/psp/core/Validation.scala. Using presentation compiler with project's scala-library version: 2.13.16
2025.10.14 16:58:29 WARN  no build target for: /home/lvn/prg/scala/test/Exirom/psp_system/psp-core/src/main/scala/psp/core/Validation.scala
2025.10.14 16:58:31 INFO  no build target found for /home/lvn/prg/scala/test/Exirom/psp_system/psp-domain/src/main/scala/psp/domain/Models.scala. Using presentation compiler with project's scala-library version: 2.13.16
2025.10.14 16:58:34 WARN  no build target for: /home/lvn/prg/scala/test/Exirom/psp_system/psp-core/src/main/scala/psp/core/Validation.scala
2025.10.14 16:58:34 INFO  no build target found for /home/lvn/prg/scala/test/Exirom/psp_system/psp-core/src/main/scala/psp/core/Validation.scala. Using presentation compiler with project's scala-library version: 2.13.16
2025.10.14 16:58:34 INFO  no build target found for /home/lvn/prg/scala/test/Exirom/psp_system/psp-core/src/main/scala/psp/core/Validation.scala. Using presentation compiler with project's scala-library version: 2.13.16
2025.10.14 16:58:36 INFO  no build target found for /home/lvn/prg/scala/test/Exirom/psp_system/psp-core/src/main/scala/psp/core/Validation.scala. Using presentation compiler with project's scala-library version: 2.13.16
2025.10.14 16:58:36 INFO  no build target found for /home/lvn/prg/scala/test/Exirom/psp_system/psp-core/src/main/scala/psp/core/Validation.scala. Using presentation compiler with project's scala-library version: 2.13.16
2025.10.14 16:58:36 WARN  no build target for: /home/lvn/prg/scala/test/Exirom/psp_system/psp-core/src/main/scala/psp/core/Validation.scala
2025.10.14 16:58:36 INFO  no build target found for /home/lvn/prg/scala/test/Exirom/psp_system/psp-core/src/main/scala/psp/core/Validation.scala. Using presentation compiler with project's scala-library version: 2.13.16
2025.10.14 16:58:40 INFO  no build target found for /home/lvn/prg/scala/test/Exirom/psp_system/psp-core/src/main/scala/psp/core/Routing.scala. Using presentation compiler with project's scala-library version: 2.13.16
2025.10.14 16:58:40 WARN  no build target for: /home/lvn/prg/scala/test/Exirom/psp_system/psp-core/src/main/scala/psp/core/Routing.scala
2025.10.14 16:58:40 INFO  no build target found for /home/lvn/prg/scala/test/Exirom/psp_system/psp-core/src/main/scala/psp/core/Routing.scala. Using presentation compiler with project's scala-library version: 2.13.16
2025.10.14 16:58:40 INFO  no build target found for /home/lvn/prg/scala/test/Exirom/psp_system/psp-core/src/main/scala/psp/core/Routing.scala. Using presentation compiler with project's scala-library version: 2.13.16
2025.10.14 16:58:40 WARN  no build target for: /home/lvn/prg/scala/test/Exirom/psp_system/psp-core/src/main/scala/psp/core/Routing.scala
2025.10.14 16:58:40 INFO  no build target found for /home/lvn/prg/scala/test/Exirom/psp_system/psp-core/src/main/scala/psp/core/Validation.scala. Using presentation compiler with project's scala-library version: 2.13.16
2025.10.14 16:58:42 INFO  no build target found for /home/lvn/prg/scala/test/Exirom/psp_system/psp-core/src/main/scala/psp/core/Routing.scala. Using presentation compiler with project's scala-library version: 2.13.16
2025.10.14 16:58:42 INFO  no build target found for /home/lvn/prg/scala/test/Exirom/psp_system/psp-core/src/main/scala/psp/core/Routing.scala. Using presentation compiler with project's scala-library version: 2.13.16
2025.10.14 16:58:44 INFO  no build target found for /home/lvn/prg/scala/test/Exirom/psp_system/psp-core/src/main/scala/psp/core/Routing.scala. Using presentation compiler with project's scala-library version: 2.13.16
2025.10.14 16:58:44 INFO  no build target found for /home/lvn/prg/scala/test/Exirom/psp_system/psp-core/src/main/scala/psp/core/Routing.scala. Using presentation compiler with project's scala-library version: 2.13.16
2025.10.14 16:58:44 WARN  no build target for: /home/lvn/prg/scala/test/Exirom/psp_system/psp-core/src/main/scala/psp/core/Routing.scala
2025.10.14 16:58:44 INFO  no build target found for /home/lvn/prg/scala/test/Exirom/psp_system/psp-core/src/main/scala/psp/core/Routing.scala. Using presentation compiler with project's scala-library version: 2.13.16
2025.10.14 16:58:46 INFO  no build target found for /home/lvn/prg/scala/test/Exirom/psp_system/psp-core/src/main/scala/psp/core/Algebras.scala. Using presentation compiler with project's scala-library version: 2.13.16
2025.10.14 16:58:46 WARN  no build target for: /home/lvn/prg/scala/test/Exirom/psp_system/psp-core/src/main/scala/psp/core/Algebras.scala
2025.10.14 16:58:46 INFO  no build target found for /home/lvn/prg/scala/test/Exirom/psp_system/psp-core/src/main/scala/psp/core/Algebras.scala. Using presentation compiler with project's scala-library version: 2.13.16
2025.10.14 16:58:46 INFO  no build target found for /home/lvn/prg/scala/test/Exirom/psp_system/psp-core/src/main/scala/psp/core/Algebras.scala. Using presentation compiler with project's scala-library version: 2.13.16
2025.10.14 16:58:46 WARN  no build target for: /home/lvn/prg/scala/test/Exirom/psp_system/psp-core/src/main/scala/psp/core/Algebras.scala
2025.10.14 16:58:48 INFO  no build target found for /home/lvn/prg/scala/test/Exirom/psp_system/psp-core/src/main/scala/psp/core/Algebras.scala. Using presentation compiler with project's scala-library version: 2.13.16
2025.10.14 16:58:48 INFO  no build target found for /home/lvn/prg/scala/test/Exirom/psp_system/psp-core/src/main/scala/psp/core/Algebras.scala. Using presentation compiler with project's scala-library version: 2.13.16
2025.10.14 16:58:49 INFO  no build target found for /home/lvn/prg/scala/test/Exirom/psp_system/psp-core/src/main/scala/psp/core/Algebras.scala. Using presentation compiler with project's scala-library version: 2.13.16
2025.10.14 16:58:49 INFO  no build target found for /home/lvn/prg/scala/test/Exirom/psp_system/psp-core/src/main/scala/psp/core/Algebras.scala. Using presentation compiler with project's scala-library version: 2.13.16
2025.10.14 16:58:49 WARN  no build target for: /home/lvn/prg/scala/test/Exirom/psp_system/psp-core/src/main/scala/psp/core/Algebras.scala
2025.10.14 16:58:49 INFO  no build target found for /home/lvn/prg/scala/test/Exirom/psp_system/psp-core/src/main/scala/psp/core/Algebras.scala. Using presentation compiler with project's scala-library version: 2.13.16
2025.10.14 16:58:53 INFO  no build target found for /home/lvn/prg/scala/test/Exirom/psp_system/psp-core/src/main/scala/psp/core/PaymentServiceImpl.scala. Using presentation compiler with project's scala-library version: 2.13.16
2025.10.14 16:58:53 WARN  no build target for: /home/lvn/prg/scala/test/Exirom/psp_system/psp-core/src/main/scala/psp/core/PaymentServiceImpl.scala
2025.10.14 16:58:53 INFO  no build target found for /home/lvn/prg/scala/test/Exirom/psp_system/psp-core/src/main/scala/psp/core/PaymentServiceImpl.scala. Using presentation compiler with project's scala-library version: 2.13.16
2025.10.14 16:58:53 INFO  no build target found for /home/lvn/prg/scala/test/Exirom/psp_system/psp-core/src/main/scala/psp/core/PaymentServiceImpl.scala. Using presentation compiler with project's scala-library version: 2.13.16
2025.10.14 16:58:53 WARN  no build target for: /home/lvn/prg/scala/test/Exirom/psp_system/psp-core/src/main/scala/psp/core/PaymentServiceImpl.scala
2025.10.14 16:58:53 INFO  no build target found for /home/lvn/prg/scala/test/Exirom/psp_system/psp-core/src/main/scala/psp/core/Algebras.scala. Using presentation compiler with project's scala-library version: 2.13.16
2025.10.14 16:58:54 INFO  no build target found for /home/lvn/prg/scala/test/Exirom/psp_system/psp-core/src/main/scala/psp/core/Algebras.scala. Using presentation compiler with project's scala-library version: 2.13.16
2025.10.14 16:58:57 WARN  no build target for: /home/lvn/prg/scala/test/Exirom/psp_system/psp-core/src/main/scala/psp/core/PaymentServiceImpl.scala
2025.10.14 16:58:57 INFO  no build target found for /home/lvn/prg/scala/test/Exirom/psp_system/psp-core/src/main/scala/psp/core/PaymentServiceImpl.scala. Using presentation compiler with project's scala-library version: 2.13.16
2025.10.14 16:58:57 INFO  no build target found for /home/lvn/prg/scala/test/Exirom/psp_system/psp-core/src/main/scala/psp/core/PaymentServiceImpl.scala. Using presentation compiler with project's scala-library version: 2.13.16
2025.10.14 16:58:58 INFO  no build target found for /home/lvn/prg/scala/test/Exirom/psp_system/psp-core/src/main/scala/psp/core/PaymentServiceImpl.scala. Using presentation compiler with project's scala-library version: 2.13.16
2025.10.14 16:58:58 INFO  no build target found for /home/lvn/prg/scala/test/Exirom/psp_system/psp-core/src/main/scala/psp/core/PaymentServiceImpl.scala. Using presentation compiler with project's scala-library version: 2.13.16
2025.10.14 16:58:58 WARN  no build target for: /home/lvn/prg/scala/test/Exirom/psp_system/psp-core/src/main/scala/psp/core/PaymentServiceImpl.scala
2025.10.14 16:58:58 INFO  no build target found for /home/lvn/prg/scala/test/Exirom/psp_system/psp-core/src/main/scala/psp/core/PaymentServiceImpl.scala. Using presentation compiler with project's scala-library version: 2.13.16
2025.10.14 16:58:59 INFO  no build target found for /home/lvn/prg/scala/test/Exirom/psp_system/psp-storage/src/main/scala/psp/storage/InMemoryTransactionRepo.scala. Using presentation compiler with project's scala-library version: 2.13.16
2025.10.14 16:58:59 WARN  no build target for: /home/lvn/prg/scala/test/Exirom/psp_system/psp-storage/src/main/scala/psp/storage/InMemoryTransactionRepo.scala
2025.10.14 16:58:58 INFO  no build target found for /home/lvn/prg/scala/test/Exirom/psp_system/psp-storage/src/main/scala/psp/storage/InMemoryTransactionRepo.scala. Using presentation compiler with project's scala-library version: 2.13.16
2025.10.14 16:58:58 INFO  no build target found for /home/lvn/prg/scala/test/Exirom/psp_system/psp-storage/src/main/scala/psp/storage/InMemoryTransactionRepo.scala. Using presentation compiler with project's scala-library version: 2.13.16
2025.10.14 16:58:59 WARN  no build target for: /home/lvn/prg/scala/test/Exirom/psp_system/psp-storage/src/main/scala/psp/storage/InMemoryTransactionRepo.scala
2025.10.14 16:59:03 WARN  no build target for: /home/lvn/prg/scala/test/Exirom/psp_system/psp-storage/src/main/scala/psp/storage/InMemoryTransactionRepo.scala
2025.10.14 16:59:03 INFO  no build target found for /home/lvn/prg/scala/test/Exirom/psp_system/psp-storage/src/main/scala/psp/storage/InMemoryTransactionRepo.scala. Using presentation compiler with project's scala-library version: 2.13.16
2025.10.14 16:59:03 INFO  no build target found for /home/lvn/prg/scala/test/Exirom/psp_system/psp-acquirer-mock/src/main/scala/psp/acquirer/MockAcquirer.scala. Using presentation compiler with project's scala-library version: 2.13.16
2025.10.14 16:59:03 WARN  no build target for: /home/lvn/prg/scala/test/Exirom/psp_system/psp-acquirer-mock/src/main/scala/psp/acquirer/MockAcquirer.scala
2025.10.14 16:59:03 INFO  no build target found for /home/lvn/prg/scala/test/Exirom/psp_system/psp-acquirer-mock/src/main/scala/psp/acquirer/MockAcquirer.scala. Using presentation compiler with project's scala-library version: 2.13.16
2025.10.14 16:59:03 INFO  no build target found for /home/lvn/prg/scala/test/Exirom/psp_system/psp-acquirer-mock/src/main/scala/psp/acquirer/MockAcquirer.scala. Using presentation compiler with project's scala-library version: 2.13.16
2025.10.14 16:59:03 WARN  no build target for: /home/lvn/prg/scala/test/Exirom/psp_system/psp-acquirer-mock/src/main/scala/psp/acquirer/MockAcquirer.scala
2025.10.14 16:59:03 INFO  no build target found for /home/lvn/prg/scala/test/Exirom/psp_system/psp-storage/src/main/scala/psp/storage/InMemoryTransactionRepo.scala. Using presentation compiler with project's scala-library version: 2.13.16
2025.10.14 16:59:05 INFO  no build target found for /home/lvn/prg/scala/test/Exirom/psp_system/psp-storage/src/main/scala/psp/storage/InMemoryTransactionRepo.scala. Using presentation compiler with project's scala-library version: 2.13.16
2025.10.14 16:59:05 INFO  no build target found for /home/lvn/prg/scala/test/Exirom/psp_system/psp-storage/src/main/scala/psp/storage/InMemoryTransactionRepo.scala. Using presentation compiler with project's scala-library version: 2.13.16
2025.10.14 16:59:05 WARN  no build target for: /home/lvn/prg/scala/test/Exirom/psp_system/psp-storage/src/main/scala/psp/storage/InMemoryTransactionRepo.scala
2025.10.14 16:59:05 INFO  no build target found for /home/lvn/prg/scala/test/Exirom/psp_system/psp-storage/src/main/scala/psp/storage/InMemoryTransactionRepo.scala. Using presentation compiler with project's scala-library version: 2.13.16
2025.10.14 16:59:05 INFO  no build target found for /home/lvn/prg/scala/test/Exirom/psp_system/psp-acquirer-mock/src/main/scala/psp/acquirer/MockAcquirer.scala. Using presentation compiler with project's scala-library version: 2.13.16
2025.10.14 16:59:06 INFO  no build target found for /home/lvn/prg/scala/test/Exirom/psp_system/psp-acquirer-mock/src/main/scala/psp/acquirer/MockAcquirer.scala. Using presentation compiler with project's scala-library version: 2.13.16
2025.10.14 16:59:07 INFO  no build target found for /home/lvn/prg/scala/test/Exirom/psp_system/psp-acquirer-mock/src/main/scala/psp/acquirer/MockAcquirer.scala. Using presentation compiler with project's scala-library version: 2.13.16
2025.10.14 16:59:07 INFO  no build target found for /home/lvn/prg/scala/test/Exirom/psp_system/psp-acquirer-mock/src/main/scala/psp/acquirer/MockAcquirer.scala. Using presentation compiler with project's scala-library version: 2.13.16
2025.10.14 16:59:07 WARN  no build target for: /home/lvn/prg/scala/test/Exirom/psp_system/psp-acquirer-mock/src/main/scala/psp/acquirer/MockAcquirer.scala
2025.10.14 16:59:07 INFO  no build target found for /home/lvn/prg/scala/test/Exirom/psp_system/psp-acquirer-mock/src/main/scala/psp/acquirer/MockAcquirer.scala. Using presentation compiler with project's scala-library version: 2.13.16
2025.10.14 16:59:09 INFO  no build target found for /home/lvn/prg/scala/test/Exirom/psp_system/psp-acquirer-mock/src/main/scala/psp/acquirer/MockAcquirer.scala. Using presentation compiler with project's scala-library version: 2.13.16
2025.10.14 16:59:09 INFO  no build target found for /home/lvn/prg/scala/test/Exirom/psp_system/psp-acquirer-mock/src/main/scala/psp/acquirer/MockAcquirer.scala. Using presentation compiler with project's scala-library version: 2.13.16
2025.10.14 16:59:09 INFO  no build target found for /home/lvn/prg/scala/test/Exirom/psp_system/psp-acquirer-mock/src/main/scala/psp/acquirer/MockAcquirer.scala. Using presentation compiler with project's scala-library version: 2.13.16
2025.10.14 16:59:10 INFO  no build target found for /home/lvn/prg/scala/test/Exirom/psp_system/psp-acquirer-mock/src/main/scala/psp/acquirer/MockAcquirer.scala. Using presentation compiler with project's scala-library version: 2.13.16
2025.10.14 16:59:10 INFO  no build target found for /home/lvn/prg/scala/test/Exirom/psp_system/psp-acquirer-mock/src/main/scala/psp/acquirer/MockAcquirer.scala. Using presentation compiler with project's scala-library version: 2.13.16
2025.10.14 16:59:12 INFO  no build target found for /home/lvn/prg/scala/test/Exirom/psp_system/psp-api/src/main/scala/psp/api/Api.scala. Using presentation compiler with project's scala-library version: 2.13.16
2025.10.14 16:59:12 WARN  no build target for: /home/lvn/prg/scala/test/Exirom/psp_system/psp-api/src/main/scala/psp/api/Api.scala
2025.10.14 16:59:12 INFO  no build target found for /home/lvn/prg/scala/test/Exirom/psp_system/psp-api/src/main/scala/psp/api/Api.scala. Using presentation compiler with project's scala-library version: 2.13.16
2025.10.14 16:59:12 INFO  no build target found for /home/lvn/prg/scala/test/Exirom/psp_system/psp-acquirer-mock/src/main/scala/psp/acquirer/MockAcquirer.scala. Using presentation compiler with project's scala-library version: 2.13.16
2025.10.14 16:59:12 INFO  no build target found for /home/lvn/prg/scala/test/Exirom/psp_system/psp-api/src/main/scala/psp/api/Api.scala. Using presentation compiler with project's scala-library version: 2.13.16
2025.10.14 16:59:12 WARN  no build target for: /home/lvn/prg/scala/test/Exirom/psp_system/psp-api/src/main/scala/psp/api/Api.scala
2025.10.14 16:59:13 INFO  no build target found for /home/lvn/prg/scala/test/Exirom/psp_system/psp-acquirer-mock/src/main/scala/psp/acquirer/MockAcquirer.scala. Using presentation compiler with project's scala-library version: 2.13.16
2025.10.14 16:59:14 INFO  no build target found for /home/lvn/prg/scala/test/Exirom/psp_system/psp-api/src/main/scala/psp/api/Api.scala. Using presentation compiler with project's scala-library version: 2.13.16
2025.10.14 16:59:15 INFO  no build target found for /home/lvn/prg/scala/test/Exirom/psp_system/psp-api/src/main/scala/psp/api/Api.scala. Using presentation compiler with project's scala-library version: 2.13.16
2025.10.14 16:59:16 INFO  no build target found for /home/lvn/prg/scala/test/Exirom/psp_system/psp-api/src/main/scala/psp/api/Api.scala. Using presentation compiler with project's scala-library version: 2.13.16
2025.10.14 16:59:16 INFO  no build target found for /home/lvn/prg/scala/test/Exirom/psp_system/psp-api/src/main/scala/psp/api/Api.scala. Using presentation compiler with project's scala-library version: 2.13.16
2025.10.14 16:59:16 WARN  no build target for: /home/lvn/prg/scala/test/Exirom/psp_system/psp-api/src/main/scala/psp/api/Api.scala
2025.10.14 16:59:16 INFO  no build target found for /home/lvn/prg/scala/test/Exirom/psp_system/psp-api/src/main/scala/psp/api/Api.scala. Using presentation compiler with project's scala-library version: 2.13.16
2025.10.14 16:59:19 INFO  no build target found for /home/lvn/prg/scala/test/Exirom/psp_system/psp-app/src/main/scala/psp/app/Main.scala. Using presentation compiler with project's scala-library version: 2.13.16
2025.10.14 16:59:19 INFO  no build target found for /home/lvn/prg/scala/test/Exirom/psp_system/psp-app/src/main/scala/psp/app/Main.scala. Using presentation compiler with project's scala-library version: 2.13.16
2025.10.14 16:59:19 WARN  no build target for: /home/lvn/prg/scala/test/Exirom/psp_system/psp-app/src/main/scala/psp/app/Main.scala
2025.10.14 16:59:19 INFO  no build target found for /home/lvn/prg/scala/test/Exirom/psp_system/psp-app/src/main/scala/psp/app/Main.scala. Using presentation compiler with project's scala-library version: 2.13.16
2025.10.14 16:59:19 WARN  no build target for: /home/lvn/prg/scala/test/Exirom/psp_system/psp-app/src/main/scala/psp/app/Main.scala
2025.10.14 16:59:19 INFO  no build target found for /home/lvn/prg/scala/test/Exirom/psp_system/psp-app/src/main/scala/psp/app/Main.scala. Using presentation compiler with project's scala-library version: 2.13.16
2025.10.14 16:59:19 INFO  no build target found for /home/lvn/prg/scala/test/Exirom/psp_system/psp-app/src/main/scala/psp/app/Main.scala. Using presentation compiler with project's scala-library version: 2.13.16
2025.10.14 16:59:20 WARN  no build target for: /home/lvn/prg/scala/test/Exirom/psp_system/psp-app/src/main/scala/psp/app/Main.scala
2025.10.14 16:59:22 INFO  no build target found for /home/lvn/prg/scala/test/Exirom/psp_system/psp-app/src/main/scala/psp/app/Main.scala. Using presentation compiler with project's scala-library version: 2.13.16
2025.10.14 16:59:22 INFO  no build target found for /home/lvn/prg/scala/test/Exirom/psp_system/psp-app/src/main/scala/psp/app/Main.scala. Using presentation compiler with project's scala-library version: 2.13.16
2025.10.14 16:59:23 INFO  no build target found for /home/lvn/prg/scala/test/Exirom/psp_system/psp-app/src/main/scala/psp/app/Main.scala. Using presentation compiler with project's scala-library version: 2.13.16
2025.10.14 16:59:23 INFO  no build target found for /home/lvn/prg/scala/test/Exirom/psp_system/psp-app/src/main/scala/psp/app/Main.scala. Using presentation compiler with project's scala-library version: 2.13.16
2025.10.14 16:59:23 WARN  no build target for: /home/lvn/prg/scala/test/Exirom/psp_system/psp-app/src/main/scala/psp/app/Main.scala
2025.10.14 16:59:23 INFO  no build target found for /home/lvn/prg/scala/test/Exirom/psp_system/psp-app/src/main/scala/psp/app/Main.scala. Using presentation compiler with project's scala-library version: 2.13.16
2025.10.14 16:59:31 INFO  no build target found for /home/lvn/prg/scala/test/Exirom/psp_system/psp-app/src/main/scala/psp/app/Main.scala. Using presentation compiler with project's scala-library version: 2.13.16
2025.10.14 16:59:43 WARN  no build target for: /home/lvn/prg/scala/test/Exirom/psp_system/psp-domain/src/main/scala/psp/domain/Models.scala
2025.10.14 16:59:43 WARN  no build target for: /home/lvn/prg/scala/test/Exirom/psp_system/psp-core/src/main/scala/psp/core/Validation.scala
2025.10.14 16:59:43 WARN  no build target for: /home/lvn/prg/scala/test/Exirom/psp_system/psp-core/src/main/scala/psp/core/Routing.scala
2025.10.14 16:59:43 WARN  no build target for: /home/lvn/prg/scala/test/Exirom/psp_system/psp-storage/src/main/scala/psp/storage/InMemoryTransactionRepo.scala
2025.10.14 16:59:43 INFO  no build target found for /home/lvn/prg/scala/test/Exirom/psp_system/psp-app/src/main/scala/psp/app/Main.scala. Using presentation compiler with project's scala-library version: 2.13.16
2025.10.14 16:59:43 WARN  no build target for: /home/lvn/prg/scala/test/Exirom/psp_system/psp-core/src/main/scala/psp/core/Algebras.scala
2025.10.14 16:59:43 WARN  no build target for: /home/lvn/prg/scala/test/Exirom/psp_system/psp-core/src/main/scala/psp/core/PaymentServiceImpl.scala
2025.10.14 16:59:43 WARN  no build target for: /home/lvn/prg/scala/test/Exirom/psp_system/psp-api/src/main/scala/psp/api/Api.scala
2025.10.14 16:59:43 WARN  no build target for: /home/lvn/prg/scala/test/Exirom/psp_system/psp-acquirer-mock/src/main/scala/psp/acquirer/MockAcquirer.scala
2025.10.14 16:59:43 INFO  no build target found for /home/lvn/prg/scala/test/Exirom/psp_system/psp-app/src/main/scala/psp/app/Main.scala. Using presentation compiler with project's scala-library version: 2.13.16
2025.10.14 16:59:43 WARN  no build target for: /home/lvn/prg/scala/test/Exirom/psp_system/psp-app/src/main/scala/psp/app/Main.scala
2025.10.14 16:59:43 INFO  no build target found for /home/lvn/prg/scala/test/Exirom/psp_system/psp-app/src/main/scala/psp/app/Main.scala. Using presentation compiler with project's scala-library version: 2.13.16
2025.10.14 16:59:50 INFO  no build target found for /home/lvn/prg/scala/test/Exirom/psp_system/psp-app/src/main/scala/psp/app/Main.scala. Using presentation compiler with project's scala-library version: 2.13.16
2025.10.14 16:59:54 WARN  no build target for: /home/lvn/prg/scala/test/Exirom/psp_system/psp-app/src/main/scala/psp/app/Main.scala
2025.10.14 16:59:54 INFO  no build target found for /home/lvn/prg/scala/test/Exirom/psp_system/psp-app/src/main/scala/psp/app/Main.scala. Using presentation compiler with project's scala-library version: 2.13.16
2025.10.14 16:59:54 INFO  no build target found for /home/lvn/prg/scala/test/Exirom/psp_system/psp-app/src/main/scala/psp/app/Main.scala. Using presentation compiler with project's scala-library version: 2.13.16
2025.10.14 16:59:54 INFO  no build target found for /home/lvn/prg/scala/test/Exirom/psp_system/psp-app/src/main/scala/psp/app/Main.scala. Using presentation compiler with project's scala-library version: 2.13.16
2025.10.14 17:00:02 INFO  no build target found for /home/lvn/prg/scala/test/Exirom/psp_system/psp-app/src/main/scala/psp/app/Main.scala. Using presentation compiler with project's scala-library version: 2.13.16
2025.10.14 17:01:10 INFO  no build target found for /home/lvn/prg/scala/test/Exirom/psp_system/psp-app/src/main/scala/psp/app/Main.scala. Using presentation compiler with project's scala-library version: 2.13.16
2025.10.14 17:03:01 INFO  no build target found for /home/lvn/prg/scala/test/Exirom/psp_system/psp-api/src/main/scala/psp/api/Api.scala. Using presentation compiler with project's scala-library version: 2.13.16
2025.10.14 17:03:01 INFO  no build target found for /home/lvn/prg/scala/test/Exirom/psp_system/psp-api/src/main/scala/psp/api/Api.scala. Using presentation compiler with project's scala-library version: 2.13.16
2025.10.14 17:03:01 WARN  no build target for: /home/lvn/prg/scala/test/Exirom/psp_system/psp-api/src/main/scala/psp/api/Api.scala
2025.10.14 17:03:01 INFO  no build target found for /home/lvn/prg/scala/test/Exirom/psp_system/psp-app/src/main/scala/psp/app/Main.scala. Using presentation compiler with project's scala-library version: 2.13.16
2025.10.14 17:03:06 WARN  no build target for: /home/lvn/prg/scala/test/Exirom/psp_system/psp-api/src/main/scala/psp/api/Api.scala
2025.10.14 17:03:06 INFO  no build target found for /home/lvn/prg/scala/test/Exirom/psp_system/psp-api/src/main/scala/psp/api/Api.scala. Using presentation compiler with project's scala-library version: 2.13.16
2025.10.14 17:03:06 INFO  no build target found for /home/lvn/prg/scala/test/Exirom/psp_system/psp-api/src/main/scala/psp/api/Api.scala. Using presentation compiler with project's scala-library version: 2.13.16
2025.10.14 17:03:08 INFO  no build target found for /home/lvn/prg/scala/test/Exirom/psp_system/psp-api/src/main/scala/psp/api/Api.scala. Using presentation compiler with project's scala-library version: 2.13.16
2025.10.14 17:03:08 INFO  no build target found for /home/lvn/prg/scala/test/Exirom/psp_system/psp-api/src/main/scala/psp/api/Api.scala. Using presentation compiler with project's scala-library version: 2.13.16
2025.10.14 17:03:08 WARN  no build target for: /home/lvn/prg/scala/test/Exirom/psp_system/psp-api/src/main/scala/psp/api/Api.scala
2025.10.14 17:03:08 INFO  no build target found for /home/lvn/prg/scala/test/Exirom/psp_system/psp-api/src/main/scala/psp/api/Api.scala. Using presentation compiler with project's scala-library version: 2.13.16
2025.10.14 17:03:08 INFO  no build target found for /home/lvn/prg/scala/test/Exirom/psp_system/psp-app/src/main/scala/psp/app/Main.scala. Using presentation compiler with project's scala-library version: 2.13.16
2025.10.14 17:03:08 INFO  no build target found for /home/lvn/prg/scala/test/Exirom/psp_system/psp-app/src/main/scala/psp/app/Main.scala. Using presentation compiler with project's scala-library version: 2.13.16
2025.10.14 17:03:08 WARN  no build target for: /home/lvn/prg/scala/test/Exirom/psp_system/psp-app/src/main/scala/psp/app/Main.scala
2025.10.14 17:03:09 WARN  no build target for: /home/lvn/prg/scala/test/Exirom/psp_system/psp-app/src/main/scala/psp/app/Main.scala
2025.10.14 17:03:09 INFO  no build target found for /home/lvn/prg/scala/test/Exirom/psp_system/psp-app/src/main/scala/psp/app/Main.scala. Using presentation compiler with project's scala-library version: 2.13.16
2025.10.14 17:03:11 WARN  no build target for: /home/lvn/prg/scala/test/Exirom/psp_system/psp-app/src/main/scala/psp/app/Main.scala
2025.10.14 17:03:11 INFO  no build target found for /home/lvn/prg/scala/test/Exirom/psp_system/psp-app/src/main/scala/psp/app/Main.scala. Using presentation compiler with project's scala-library version: 2.13.16
2025.10.14 17:03:41 INFO  no build target found for /home/lvn/prg/scala/test/Exirom/psp_system/psp-app/src/main/scala/psp/app/Main.scala. Using presentation compiler with project's scala-library version: 2.13.16
2025.10.14 17:03:47 WARN  no build target for: /home/lvn/prg/scala/test/Exirom/psp_system/psp-api/src/main/scala/psp/api/Api.scala
2025.10.14 17:03:47 WARN  no build target for: /home/lvn/prg/scala/test/Exirom/psp_system/psp-app/src/main/scala/psp/app/Main.scala
2025.10.14 17:05:49 INFO  no build target found for /home/lvn/prg/scala/test/Exirom/psp_system/psp-api/src/main/scala/psp/api/Api.scala. Using presentation compiler with project's scala-library version: 2.13.16
2025.10.14 17:05:49 INFO  no build target found for /home/lvn/prg/scala/test/Exirom/psp_system/psp-api/src/main/scala/psp/api/Api.scala. Using presentation compiler with project's scala-library version: 2.13.16
2025.10.14 17:05:49 WARN  no build target for: /home/lvn/prg/scala/test/Exirom/psp_system/psp-api/src/main/scala/psp/api/Api.scala
2025.10.14 17:05:52 WARN  no build target for: /home/lvn/prg/scala/test/Exirom/psp_system/psp-api/src/main/scala/psp/api/Api.scala
2025.10.14 17:05:52 INFO  no build target found for /home/lvn/prg/scala/test/Exirom/psp_system/psp-api/src/main/scala/psp/api/Api.scala. Using presentation compiler with project's scala-library version: 2.13.16
2025.10.14 17:05:52 INFO  no build target found for /home/lvn/prg/scala/test/Exirom/psp_system/psp-api/src/main/scala/psp/api/Api.scala. Using presentation compiler with project's scala-library version: 2.13.16
2025.10.14 17:05:52 INFO  no build target found for /home/lvn/prg/scala/test/Exirom/psp_system/psp-api/src/main/scala/psp/api/Api.scala. Using presentation compiler with project's scala-library version: 2.13.16
2025.10.14 17:05:54 INFO  no build target found for /home/lvn/prg/scala/test/Exirom/psp_system/psp-api/src/main/scala/psp/api/Api.scala. Using presentation compiler with project's scala-library version: 2.13.16
2025.10.14 17:05:54 INFO  no build target found for /home/lvn/prg/scala/test/Exirom/psp_system/psp-api/src/main/scala/psp/api/Api.scala. Using presentation compiler with project's scala-library version: 2.13.16
2025.10.14 17:05:54 WARN  no build target for: /home/lvn/prg/scala/test/Exirom/psp_system/psp-api/src/main/scala/psp/api/Api.scala
2025.10.14 17:05:54 INFO  no build target found for /home/lvn/prg/scala/test/Exirom/psp_system/psp-api/src/main/scala/psp/api/Api.scala. Using presentation compiler with project's scala-library version: 2.13.16
2025.10.14 17:05:54 INFO  no build target found for /home/lvn/prg/scala/test/Exirom/psp_system/psp-api/src/main/scala/psp/api/Api.scala. Using presentation compiler with project's scala-library version: 2.13.16
2025.10.14 17:05:57 WARN  no build target for: /home/lvn/prg/scala/test/Exirom/psp_system/psp-api/src/main/scala/psp/api/Api.scala
2025.10.14 17:07:17 INFO  no build target found for /home/lvn/prg/scala/test/Exirom/psp_system/psp-app/src/main/scala/psp/app/Main.scala. Using presentation compiler with project's scala-library version: 2.13.16
2025.10.14 17:07:17 INFO  no build target found for /home/lvn/prg/scala/test/Exirom/psp_system/psp-app/src/main/scala/psp/app/Main.scala. Using presentation compiler with project's scala-library version: 2.13.16
2025.10.14 17:07:17 WARN  no build target for: /home/lvn/prg/scala/test/Exirom/psp_system/psp-app/src/main/scala/psp/app/Main.scala
2025.10.14 17:07:21 WARN  no build target for: /home/lvn/prg/scala/test/Exirom/psp_system/psp-api/src/main/scala/psp/api/Api.scala
2025.10.14 17:07:21 INFO  no build target found for /home/lvn/prg/scala/test/Exirom/psp_system/psp-api/src/main/scala/psp/api/Api.scala. Using presentation compiler with project's scala-library version: 2.13.16
2025.10.14 17:07:21 INFO  no build target found for /home/lvn/prg/scala/test/Exirom/psp_system/psp-api/src/main/scala/psp/api/Api.scala. Using presentation compiler with project's scala-library version: 2.13.16
2025.10.14 17:07:25 WARN  no build target for: /home/lvn/prg/scala/test/Exirom/psp_system/psp-app/src/main/scala/psp/app/Main.scala
2025.10.14 17:07:26 INFO  no build target found for /home/lvn/prg/scala/test/Exirom/psp_system/psp-app/src/main/scala/psp/app/Main.scala. Using presentation compiler with project's scala-library version: 2.13.16
2025.10.14 17:07:25 INFO  no build target found for /home/lvn/prg/scala/test/Exirom/psp_system/psp-app/src/main/scala/psp/app/Main.scala. Using presentation compiler with project's scala-library version: 2.13.16
2025.10.14 17:07:28 WARN  no build target for: /home/lvn/prg/scala/test/Exirom/psp_system/psp-app/src/main/scala/psp/app/Main.scala
2025.10.14 17:07:28 INFO  no build target found for /home/lvn/prg/scala/test/Exirom/psp_system/psp-app/src/main/scala/psp/app/Main.scala. Using presentation compiler with project's scala-library version: 2.13.16
2025.10.14 17:07:30 WARN  no build target for: /home/lvn/prg/scala/test/Exirom/psp_system/psp-app/src/main/scala/psp/app/Main.scala
2025.10.14 17:07:30 INFO  no build target found for /home/lvn/prg/scala/test/Exirom/psp_system/psp-app/src/main/scala/psp/app/Main.scala. Using presentation compiler with project's scala-library version: 2.13.16
2025.10.14 17:09:11 INFO  no build target found for /home/lvn/prg/scala/test/Exirom/psp_system/psp-app/src/main/scala/psp/app/Main.scala. Using presentation compiler with project's scala-library version: 2.13.16
2025.10.14 17:09:13 INFO  no build target found for /home/lvn/prg/scala/test/Exirom/psp_system/psp-app/src/main/scala/psp/app/Main.scala. Using presentation compiler with project's scala-library version: 2.13.16
2025.10.14 17:09:16 INFO  no build target found for /home/lvn/prg/scala/test/Exirom/psp_system/psp-app/src/main/scala/psp/app/Main.scala. Using presentation compiler with project's scala-library version: 2.13.16
2025.10.14 17:09:43 INFO  no build target found for /home/lvn/prg/scala/test/Exirom/psp_system/psp-app/src/main/scala/psp/app/Main.scala. Using presentation compiler with project's scala-library version: 2.13.16
2025.10.14 17:10:16 INFO  no build target found for /home/lvn/prg/scala/test/Exirom/psp_system/psp-app/src/main/scala/psp/app/Main.scala. Using presentation compiler with project's scala-library version: 2.13.16
2025.10.14 17:10:19 INFO  no build target found for /home/lvn/prg/scala/test/Exirom/psp_system/psp-app/src/main/scala/psp/app/Main.scala. Using presentation compiler with project's scala-library version: 2.13.16
2025.10.14 17:10:21 INFO  no build target found for /home/lvn/prg/scala/test/Exirom/psp_system/psp-app/src/main/scala/psp/app/Main.scala. Using presentation compiler with project's scala-library version: 2.13.16
2025.10.14 17:10:21 INFO  no build target found for /home/lvn/prg/scala/test/Exirom/psp_system/psp-app/src/main/scala/psp/app/Main.scala. Using presentation compiler with project's scala-library version: 2.13.16
2025.10.14 17:11:16 INFO  no build target found for /home/lvn/prg/scala/test/Exirom/psp_system/psp-app/src/main/scala/psp/app/Main.scala. Using presentation compiler with project's scala-library version: 2.13.16
2025.10.14 17:11:16 INFO  no build target found for /home/lvn/prg/scala/test/Exirom/psp_system/psp-app/src/main/scala/psp/app/Main.scala. Using presentation compiler with project's scala-library version: 2.13.16
2025.10.14 17:11:16 WARN  no build target for: /home/lvn/prg/scala/test/Exirom/psp_system/psp-app/src/main/scala/psp/app/Main.scala
2025.10.14 17:11:16 INFO  no build target found for /home/lvn/prg/scala/test/Exirom/psp_system/psp-app/src/main/scala/psp/app/Main.scala. Using presentation compiler with project's scala-library version: 2.13.16
2025.10.14 17:11:17 WARN  no build target for: /home/lvn/prg/scala/test/Exirom/psp_system/psp-app/src/main/scala/psp/app/Main.scala
2025.10.14 17:11:17 INFO  no build target found for /home/lvn/prg/scala/test/Exirom/psp_system/psp-app/src/main/scala/psp/app/Main.scala. Using presentation compiler with project's scala-library version: 2.13.16
2025.10.14 17:11:25 WARN  no build target for: /home/lvn/prg/scala/test/Exirom/psp_system/psp-app/src/main/scala/psp/app/Main.scala
2025.10.14 17:11:25 INFO  no build target found for /home/lvn/prg/scala/test/Exirom/psp_system/psp-app/src/main/scala/psp/app/Main.scala. Using presentation compiler with project's scala-library version: 2.13.16
2025.10.14 17:12:27 INFO  no build target found for /home/lvn/prg/scala/test/Exirom/psp_system/psp-app/src/main/scala/psp/app/Main.scala. Using presentation compiler with project's scala-library version: 2.13.16
2025.10.14 19:01:40 INFO  no build target found for /home/lvn/prg/scala/test/Exirom/psp_system/psp-app/src/main/scala/psp/app/Main.scala. Using presentation compiler with project's scala-library version: 2.13.16
2025.10.14 19:01:43 INFO  no build target found for /home/lvn/prg/scala/test/Exirom/psp_system/psp-app/src/main/scala/psp/app/Main.scala. Using presentation compiler with project's scala-library version: 2.13.16
2025.10.14 19:01:48 INFO  no build target found for /home/lvn/prg/scala/test/Exirom/psp_system/psp-app/src/main/scala/psp/app/Main.scala. Using presentation compiler with project's scala-library version: 2.13.16
2025.10.14 19:01:49 INFO  no build target found for /home/lvn/prg/scala/test/Exirom/psp_system/psp-app/src/main/scala/psp/app/Main.scala. Using presentation compiler with project's scala-library version: 2.13.16
2025.10.14 19:01:49 INFO  no build target found for /home/lvn/prg/scala/test/Exirom/psp_system/psp-app/src/main/scala/psp/app/Main.scala. Using presentation compiler with project's scala-library version: 2.13.16
2025.10.14 19:01:51 INFO  no build target found for /home/lvn/prg/scala/test/Exirom/psp_system/psp-app/src/main/scala/psp/app/Main.scala. Using presentation compiler with project's scala-library version: 2.13.16
2025.10.14 19:01:53 INFO  no build target found for /home/lvn/prg/scala/test/Exirom/psp_system/psp-app/src/main/scala/psp/app/Main.scala. Using presentation compiler with project's scala-library version: 2.13.16
2025.10.14 19:01:53 INFO  no build target found for /home/lvn/prg/scala/test/Exirom/psp_system/psp-app/src/main/scala/psp/app/Main.scala. Using presentation compiler with project's scala-library version: 2.13.16
2025.10.14 19:01:53 INFO  no build target found for /home/lvn/prg/scala/test/Exirom/psp_system/psp-app/src/main/scala/psp/app/Main.scala. Using presentation compiler with project's scala-library version: 2.13.16
2025.10.14 19:01:54 INFO  no build target found for /home/lvn/prg/scala/test/Exirom/psp_system/psp-app/src/main/scala/psp/app/Main.scala. Using presentation compiler with project's scala-library version: 2.13.16
2025.10.14 19:01:56 INFO  no build target found for /home/lvn/prg/scala/test/Exirom/psp_system/psp-app/src/main/scala/psp/app/Main.scala. Using presentation compiler with project's scala-library version: 2.13.16
2025.10.14 19:01:59 INFO  no build target found for /home/lvn/prg/scala/test/Exirom/psp_system/psp-app/src/main/scala/psp/app/Main.scala. Using presentation compiler with project's scala-library version: 2.13.16
2025.10.14 19:02:02 INFO  no build target found for /home/lvn/prg/scala/test/Exirom/psp_system/psp-app/src/main/scala/psp/app/Main.scala. Using presentation compiler with project's scala-library version: 2.13.16
2025.10.14 19:02:04 INFO  no build target found for /home/lvn/prg/scala/test/Exirom/psp_system/psp-app/src/main/scala/psp/app/Main.scala. Using presentation compiler with project's scala-library version: 2.13.16
2025.10.14 19:02:04 INFO  no build target found for /home/lvn/prg/scala/test/Exirom/psp_system/psp-app/src/main/scala/psp/app/Main.scala. Using presentation compiler with project's scala-library version: 2.13.16
2025.10.14 19:02:04 INFO  no build target found for /home/lvn/prg/scala/test/Exirom/psp_system/psp-app/src/main/scala/psp/app/Main.scala. Using presentation compiler with project's scala-library version: 2.13.16
2025.10.14 19:02:06 INFO  no build target found for /home/lvn/prg/scala/test/Exirom/psp_system/psp-app/src/main/scala/psp/app/Main.scala. Using presentation compiler with project's scala-library version: 2.13.16
2025.10.14 19:02:06 INFO  no build target found for /home/lvn/prg/scala/test/Exirom/psp_system/psp-app/src/main/scala/psp/app/Main.scala. Using presentation compiler with project's scala-library version: 2.13.16
2025.10.14 19:02:08 INFO  no build target found for /home/lvn/prg/scala/test/Exirom/psp_system/psp-app/src/main/scala/psp/app/Main.scala. Using presentation compiler with project's scala-library version: 2.13.16
2025.10.14 19:02:10 INFO  no build target found for /home/lvn/prg/scala/test/Exirom/psp_system/psp-app/src/main/scala/psp/app/Main.scala. Using presentation compiler with project's scala-library version: 2.13.16
2025.10.14 19:02:10 INFO  no build target found for /home/lvn/prg/scala/test/Exirom/psp_system/psp-app/src/main/scala/psp/app/Main.scala. Using presentation compiler with project's scala-library version: 2.13.16
2025.10.14 19:02:11 INFO  no build target found for /home/lvn/prg/scala/test/Exirom/psp_system/psp-app/src/main/scala/psp/app/Main.scala. Using presentation compiler with project's scala-library version: 2.13.16
2025.10.14 19:02:11 INFO  no build target found for /home/lvn/prg/scala/test/Exirom/psp_system/psp-app/src/main/scala/psp/app/Main.scala. Using presentation compiler with project's scala-library version: 2.13.16
2025.10.14 19:02:12 INFO  no build target found for /home/lvn/prg/scala/test/Exirom/psp_system/psp-app/src/main/scala/psp/app/Main.scala. Using presentation compiler with project's scala-library version: 2.13.16
java.util.concurrent.RejectedExecutionException: Task Future(<not completed>) rejected from java.util.concurrent.ThreadPoolExecutor@6a2bcfcb[Shutting down, pool size = 2, active threads = 2, queued tasks = 0, completed tasks = 7543]
	at java.base/java.util.concurrent.ThreadPoolExecutor$AbortPolicy.rejectedExecution(ThreadPoolExecutor.java:2081)
	at java.base/java.util.concurrent.ThreadPoolExecutor.reject(ThreadPoolExecutor.java:841)
	at java.base/java.util.concurrent.ThreadPoolExecutor.execute(ThreadPoolExecutor.java:1376)
	at scala.concurrent.impl.ExecutionContextImpl.execute(ExecutionContextImpl.scala:21)
	at scala.concurrent.impl.Promise$Transformation.submitWithValue(Promise.scala:429)
	at scala.concurrent.impl.Promise$DefaultPromise.submitWithValue(Promise.scala:338)
	at scala.concurrent.impl.Promise$DefaultPromise.tryComplete0(Promise.scala:285)
	at scala.concurrent.impl.Promise$Transformation.handleFailure(Promise.scala:444)
	at scala.concurrent.impl.Promise$Transformation.submitWithValue(Promise.scala:435)
	at scala.concurrent.impl.Promise$DefaultPromise.submitWithValue(Promise.scala:338)
	at scala.concurrent.impl.Promise$DefaultPromise.tryComplete0(Promise.scala:285)
	at scala.concurrent.impl.Promise$Transformation.run(Promise.scala:504)
	at java.base/java.util.concurrent.ThreadPoolExecutor.runWorker(ThreadPoolExecutor.java:1144)
	at java.base/java.util.concurrent.ThreadPoolExecutor$Worker.run(ThreadPoolExecutor.java:642)
	at java.base/java.lang.Thread.run(Thread.java:1583)
java.util.concurrent.RejectedExecutionException: Task Future(<not completed>) rejected from java.util.concurrent.ThreadPoolExecutor@6a2bcfcb[Shutting down, pool size = 1, active threads = 1, queued tasks = 0, completed tasks = 7544]
	at java.base/java.util.concurrent.ThreadPoolExecutor$AbortPolicy.rejectedExecution(ThreadPoolExecutor.java:2081)
	at java.base/java.util.concurrent.ThreadPoolExecutor.reject(ThreadPoolExecutor.java:841)
	at java.base/java.util.concurrent.ThreadPoolExecutor.execute(ThreadPoolExecutor.java:1376)
	at scala.concurrent.impl.ExecutionContextImpl.execute(ExecutionContextImpl.scala:21)
	at scala.concurrent.impl.Promise$Transformation.submitWithValue(Promise.scala:429)
	at scala.concurrent.impl.Promise$DefaultPromise.submitWithValue(Promise.scala:338)
	at scala.concurrent.impl.Promise$DefaultPromise.tryComplete0(Promise.scala:285)
	at scala.concurrent.impl.Promise$Transformation.run(Promise.scala:504)
	at java.base/java.util.concurrent.ThreadPoolExecutor.runWorker(ThreadPoolExecutor.java:1144)
	at java.base/java.util.concurrent.ThreadPoolExecutor$Worker.run(ThreadPoolExecutor.java:642)
	at java.base/java.lang.Thread.run(Thread.java:1583)
2025.10.15 00:06:58 ERROR Bloop 'bsp' command exited with code 1. Something may be wrong with the current configuration.
Running the [1mclean[0m sub-command to clear the working directory and remove caches might help.
If the error persists, please report the issue as a bug and attach a log with increased verbosity by passing [1m-v -v -v[0m.
java.util.concurrent.RejectedExecutionException: Task Future(<not completed>) rejected from java.util.concurrent.ThreadPoolExecutor@6a2bcfcb[Terminated, pool size = 0, active threads = 0, queued tasks = 0, completed tasks = 7545]
	at java.base/java.util.concurrent.ThreadPoolExecutor$AbortPolicy.rejectedExecution(ThreadPoolExecutor.java:2081)
	at java.base/java.util.concurrent.ThreadPoolExecutor.reject(ThreadPoolExecutor.java:841)
2025.10.15 00:06:58 ERROR Bloop 'bsp' command exited with code 1. Something may be wrong with the current configuration.
Running the [1mclean[0m sub-command to clear the working directory and remove caches might help.
If the error persists, please report the issue as a bug and attach a log with increased verbosity by passing [1m-v -v -v[0m.
	at java.base/java.util.concurrent.ThreadPoolExecutor.execute(ThreadPoolExecutor.java:1376)
	at scala.concurrent.impl.ExecutionContextImpl.execute(ExecutionContextImpl.scala:21)
	at scala.concurrent.impl.Promise$Transformation.submitWithValue(Promise.scala:429)
	at scala.concurrent.impl.Promise$DefaultPromise.submitWithValue(Promise.scala:338)
	at scala.concurrent.impl.Promise$DefaultPromise.tryComplete0(Promise.scala:285)
	at scala.concurrent.impl.Promise$Transformation.handleFailure(Promise.scala:444)
	at scala.concurrent.impl.Promise$Transformation.submitWithValue(Promise.scala:435)
	at scala.concurrent.impl.Promise$DefaultPromise.submitWithValue(Promise.scala:338)
	at scala.concurrent.impl.Promise$DefaultPromise.tryComplete0(Promise.scala:285)
	at scala.concurrent.impl.Promise$DefaultPromise.tryComplete(Promise.scala:278)
	at scala.concurrent.Promise.complete(Promise.scala:57)
	at scala.concurrent.Promise.complete$(Promise.scala:56)
	at scala.concurrent.impl.Promise$DefaultPromise.complete(Promise.scala:104)
	at bloop.rifle.internal.Operations$.$anonfun$bsp$1(Operations.scala:378)
	at bloop.rifle.BloopRifleLogger.$anonfun$runnable$1(BloopRifleLogger.scala:14)
	at java.base/java.lang.Thread.run(Thread.java:1583)
java.util.concurrent.RejectedExecutionException: Task Future(<not completed>) rejected from java.util.concurrent.ThreadPoolExecutor@6a2bcfcb[Terminated, pool size = 0, active threads = 0, queued tasks = 0, completed tasks = 7545]
	at java.base/java.util.concurrent.ThreadPoolExecutor$AbortPolicy.rejectedExecution(ThreadPoolExecutor.java:2081)
	at java.base/java.util.concurrent.ThreadPoolExecutor.reject(ThreadPoolExecutor.java:841)
	at java.base/java.util.concurrent.ThreadPoolExecutor.execute(ThreadPoolExecutor.java:1376)
	at scala.concurrent.impl.ExecutionContextImpl.execute(ExecutionContextImpl.scala:21)
	at scala.concurrent.impl.Promise$Transformation.submitWithValue(Promise.scala:429)
	at scala.concurrent.impl.Promise$DefaultPromise.submitWithValue(Promise.scala:338)
	at scala.concurrent.impl.Promise$DefaultPromise.tryComplete0(Promise.scala:285)
	at scala.concurrent.impl.Promise$Transformation.handleFailure(Promise.scala:444)
	at scala.concurrent.impl.Promise$Transformation.submitWithValue(Promise.scala:435)
	at scala.concurrent.impl.Promise$DefaultPromise.submitWithValue(Promise.scala:338)
	at scala.concurrent.impl.Promise$DefaultPromise.tryComplete0(Promise.scala:285)
	at scala.concurrent.impl.Promise$DefaultPromise.tryComplete(Promise.scala:278)
	at scala.concurrent.Promise.complete(Promise.scala:57)
	at scala.concurrent.Promise.complete$(Promise.scala:56)
	at scala.concurrent.impl.Promise$DefaultPromise.complete(Promise.scala:104)
	at bloop.rifle.internal.Operations$.$anonfun$bsp$1(Operations.scala:378)
	at bloop.rifle.BloopRifleLogger.$anonfun$runnable$1(BloopRifleLogger.scala:14)
	at java.base/java.lang.Thread.run(Thread.java:1583)
2025.10.15 11:47:32 INFO  Started: Metals version 1.6.2 in folders '/home/lvn/prg/scala/test/Exirom/psp_system' for client Cursor 1.99.3.
2025.10.15 11:47:33 INFO  Attempting to connect to the build server...
2025.10.15 11:47:33 INFO  No running Bloop server found, starting one.
2025.10.15 11:47:35 INFO  Starting compilation server
2025.10.15 11:47:37 INFO  tracing is disabled for protocol BSP, to enable tracing of incoming and outgoing JSON messages create an empty file at /home/lvn/prg/scala/test/Exirom/psp_system/.metals/bsp.trace.json or /home/lvn/.cache/metals/bsp.trace.json
2025.10.15 11:47:37 INFO  Attempting to connect to the build server...
2025.10.15 11:47:37 INFO  Found a Bloop server running
2025.10.15 11:47:37 INFO  tracing is disabled for protocol BSP, to enable tracing of incoming and outgoing JSON messages create an empty file at /home/lvn/prg/scala/test/Exirom/psp_system/project/.metals/bsp.trace.json or /home/lvn/.cache/metals/bsp.trace.json
2025.10.15 11:47:37 INFO  time: Connected to build server in 4.08s
2025.10.15 11:47:37 INFO  Connected to Build server: Bloop v2.0.13
2025.10.15 11:47:38 INFO  time: Imported build in 0.13s
2025.10.15 11:47:42 INFO  time: indexed workspace in 4.29s
2025.10.15 11:49:04 INFO  Started: Metals version 1.6.2 in folders '/home/lvn/prg/scala/test/Exirom/psp_system' for client Cursor 1.99.3.
2025.10.15 11:49:04 INFO  no build target found for /home/lvn/prg/scala/test/Exirom/psp_system/psp-api/src/main/scala/psp/api/Api.scala. Using presentation compiler with project's scala-library version: 3.3.6
2025.10.15 11:49:04 INFO  Attempting to connect to the build server...
2025.10.15 11:49:04 INFO  Found a Bloop server running
2025.10.15 11:49:05 INFO  tracing is disabled for protocol BSP, to enable tracing of incoming and outgoing JSON messages create an empty file at /home/lvn/prg/scala/test/Exirom/psp_system/.metals/bsp.trace.json or /home/lvn/.cache/metals/bsp.trace.json
2025.10.15 11:49:05 INFO  Attempting to connect to the build server...
2025.10.15 11:49:05 INFO  Found a Bloop server running
2025.10.15 11:49:05 INFO  tracing is disabled for protocol BSP, to enable tracing of incoming and outgoing JSON messages create an empty file at /home/lvn/prg/scala/test/Exirom/psp_system/project/.metals/bsp.trace.json or /home/lvn/.cache/metals/bsp.trace.json
2025.10.15 11:49:04 INFO  time: Connected to build server in 0.55s
2025.10.15 11:49:05 INFO  Connected to Build server: Bloop v2.0.13
2025.10.15 11:49:05 INFO  time: Imported build in 0.18s
2025.10.15 11:49:11 INFO  time: indexed workspace in 5.15s
2025.10.15 11:49:11 WARN  no build target for: /home/lvn/prg/scala/test/Exirom/psp_system/psp-app/src/main/scala/psp/app/Main.scala
2025.10.15 11:49:11 WARN  no build target for: /home/lvn/prg/scala/test/Exirom/psp_system/psp-storage/src/main/scala/psp/storage/InMemoryTransactionRepo.scala
2025.10.15 11:49:11 WARN  no build target for: /home/lvn/prg/scala/test/Exirom/psp_system/psp-core/src/main/scala/psp/core/PaymentServiceImpl.scala
2025.10.15 11:49:11 WARN  no build target for: /home/lvn/prg/scala/test/Exirom/psp_system/psp-api/src/main/scala/psp/api/Api.scala
2025.10.15 11:49:11 WARN  no build target for: /home/lvn/prg/scala/test/Exirom/psp_system/psp-core/src/main/scala/psp/core/Routing.scala
2025.10.15 11:49:11 WARN  no build target for: /home/lvn/prg/scala/test/Exirom/psp_system/psp-core/src/main/scala/psp/core/Algebras.scala
2025.10.15 11:49:11 WARN  no build target for: /home/lvn/prg/scala/test/Exirom/psp_system/psp-domain/src/main/scala/psp/domain/Models.scala
2025.10.15 11:49:11 WARN  no build target for: /home/lvn/prg/scala/test/Exirom/psp_system/psp-core/src/main/scala/psp/core/Validation.scala
2025.10.15 11:49:11 WARN  no build target for: /home/lvn/prg/scala/test/Exirom/psp_system/psp-acquirer-mock/src/main/scala/psp/acquirer/MockAcquirer.scala
2025.10.15 11:49:12 INFO  compiling psp_system-build (1 scala source)
2025.10.15 11:49:12 INFO  no build target found for /home/lvn/prg/scala/test/Exirom/psp_system/psp-api/src/main/scala/psp/api/Api.scala. Using presentation compiler with project's scala-library version: 2.13.16
2025.10.15 11:49:12 INFO  no build target found for /home/lvn/prg/scala/test/Exirom/psp_system/psp-api/src/main/scala/psp/api/Api.scala. Using presentation compiler with project's scala-library version: 2.13.16
2025.10.15 11:49:14 INFO  no build target found for /home/lvn/prg/scala/test/Exirom/psp_system/psp-api/src/main/scala/psp/api/Api.scala. Using presentation compiler with project's scala-library version: 2.13.16
2025.10.15 11:49:14 INFO  no build target found for /home/lvn/prg/scala/test/Exirom/psp_system/psp-api/src/main/scala/psp/api/Api.scala. Using presentation compiler with project's scala-library version: 2.13.16
2025.10.15 11:49:14 INFO  no build target found for /home/lvn/prg/scala/test/Exirom/psp_system/psp-api/src/main/scala/psp/api/Api.scala. Using presentation compiler with project's scala-library version: 2.13.16
2025.10.15 11:49:17 INFO  no build target found for /home/lvn/prg/scala/test/Exirom/psp_system/psp-api/src/main/scala/psp/api/Api.scala. Using presentation compiler with project's scala-library version: 2.13.16
2025.10.15 11:49:17 INFO  time: compiled psp_system-build in 5.76s
2025.10.15 11:49:17 INFO  no build target found for /home/lvn/prg/scala/test/Exirom/psp_system/psp-api/src/main/scala/psp/api/Api.scala. Using presentation compiler with project's scala-library version: 2.13.16
2025.10.15 11:49:18 WARN  no build target for: /home/lvn/prg/scala/test/Exirom/psp_system/psp-core/src/main/scala/psp/core/PaymentServiceImpl.scala
2025.10.15 11:49:18 WARN  no build target for: /home/lvn/prg/scala/test/Exirom/psp_system/psp-acquirer-mock/src/main/scala/psp/acquirer/MockAcquirer.scala
2025.10.15 11:49:18 WARN  no build target for: /home/lvn/prg/scala/test/Exirom/psp_system/psp-core/src/main/scala/psp/core/Routing.scala
2025.10.15 11:49:18 WARN  no build target for: /home/lvn/prg/scala/test/Exirom/psp_system/psp-core/src/main/scala/psp/core/Algebras.scala
2025.10.15 11:49:18 WARN  no build target for: /home/lvn/prg/scala/test/Exirom/psp_system/psp-core/src/main/scala/psp/core/Validation.scala
2025.10.15 11:49:18 WARN  no build target for: /home/lvn/prg/scala/test/Exirom/psp_system/psp-domain/src/main/scala/psp/domain/Models.scala
2025.10.15 11:49:18 WARN  no build target for: /home/lvn/prg/scala/test/Exirom/psp_system/psp-app/src/main/scala/psp/app/Main.scala
2025.10.15 11:49:18 INFO  no build target found for /home/lvn/prg/scala/test/Exirom/psp_system/psp-api/src/main/scala/psp/api/Api.scala. Using presentation compiler with project's scala-library version: 2.13.16
2025.10.15 11:49:18 WARN  no build target for: /home/lvn/prg/scala/test/Exirom/psp_system/psp-api/src/main/scala/psp/api/Api.scala
2025.10.15 11:49:18 WARN  no build target for: /home/lvn/prg/scala/test/Exirom/psp_system/psp-storage/src/main/scala/psp/storage/InMemoryTransactionRepo.scala
2025.10.15 11:49:17 INFO  no build target found for /home/lvn/prg/scala/test/Exirom/psp_system/psp-api/src/main/scala/psp/api/Api.scala. Using presentation compiler with project's scala-library version: 2.13.16
2025.10.15 11:49:18 INFO  no build target found for /home/lvn/prg/scala/test/Exirom/psp_system/psp-api/src/main/scala/psp/api/Api.scala. Using presentation compiler with project's scala-library version: 2.13.16
2025.10.15 11:49:18 INFO  no build target found for /home/lvn/prg/scala/test/Exirom/psp_system/psp-core/src/main/scala/psp/core/Validation.scala. Using presentation compiler with project's scala-library version: 2.13.16
2025.10.15 11:49:18 INFO  no build target found for /home/lvn/prg/scala/test/Exirom/psp_system/psp-core/src/main/scala/psp/core/Routing.scala. Using presentation compiler with project's scala-library version: 2.13.16
2025.10.15 11:49:19 INFO  no build target found for /home/lvn/prg/scala/test/Exirom/psp_system/psp-storage/src/main/scala/psp/storage/InMemoryTransactionRepo.scala. Using presentation compiler with project's scala-library version: 2.13.16
2025.10.15 11:49:19 INFO  no build target found for /home/lvn/prg/scala/test/Exirom/psp_system/psp-domain/src/main/scala/psp/domain/Models.scala. Using presentation compiler with project's scala-library version: 2.13.16
2025.10.15 11:49:19 INFO  time: code lens generation in 1.2s
2025.10.15 11:49:19 INFO  time: code lens generation in 1.2s
2025.10.15 11:49:19 INFO  no build target found for /home/lvn/prg/scala/test/Exirom/psp_system/psp-api/src/main/scala/psp/api/Api.scala. Using presentation compiler with project's scala-library version: 2.13.16
2025.10.15 11:49:19 INFO  no build target found for /home/lvn/prg/scala/test/Exirom/psp_system/psp-app/src/main/scala/psp/app/Main.scala. Using presentation compiler with project's scala-library version: 2.13.16
2025.10.15 11:49:19 INFO  no build target found for /home/lvn/prg/scala/test/Exirom/psp_system/psp-core/src/main/scala/psp/core/PaymentServiceImpl.scala. Using presentation compiler with project's scala-library version: 2.13.16
2025.10.15 11:49:19 INFO  no build target found for /home/lvn/prg/scala/test/Exirom/psp_system/psp-api/src/main/scala/psp/api/Api.scala. Using presentation compiler with project's scala-library version: 2.13.16
2025.10.15 11:49:19 INFO  no build target found for /home/lvn/prg/scala/test/Exirom/psp_system/psp-acquirer-mock/src/main/scala/psp/acquirer/MockAcquirer.scala. Using presentation compiler with project's scala-library version: 2.13.16
2025.10.15 11:49:19 INFO  no build target found for /home/lvn/prg/scala/test/Exirom/psp_system/psp-core/src/main/scala/psp/core/Algebras.scala. Using presentation compiler with project's scala-library version: 2.13.16
2025.10.15 11:49:19 INFO  no build target found for /home/lvn/prg/scala/test/Exirom/psp_system/psp-api/src/main/scala/psp/api/Api.scala. Using presentation compiler with project's scala-library version: 2.13.16
2025.10.15 11:49:20 INFO  no build target found for /home/lvn/prg/scala/test/Exirom/psp_system/psp-api/src/main/scala/psp/api/Api.scala. Using presentation compiler with project's scala-library version: 2.13.16
2025.10.15 11:49:20 INFO  no build target found for /home/lvn/prg/scala/test/Exirom/psp_system/psp-api/src/main/scala/psp/api/Api.scala. Using presentation compiler with project's scala-library version: 2.13.16
2025.10.15 11:49:21 INFO  no build target found for /home/lvn/prg/scala/test/Exirom/psp_system/psp-api/src/main/scala/psp/api/Api.scala. Using presentation compiler with project's scala-library version: 2.13.16
2025.10.15 11:49:21 INFO  no build target found for /home/lvn/prg/scala/test/Exirom/psp_system/psp-api/src/main/scala/psp/api/Api.scala. Using presentation compiler with project's scala-library version: 2.13.16
2025.10.15 11:49:23 INFO  no build target found for /home/lvn/prg/scala/test/Exirom/psp_system/psp-api/src/main/scala/psp/api/Api.scala. Using presentation compiler with project's scala-library version: 2.13.16
2025.10.15 11:49:23 INFO  no build target found for /home/lvn/prg/scala/test/Exirom/psp_system/psp-api/src/main/scala/psp/api/Api.scala. Using presentation compiler with project's scala-library version: 2.13.16
2025.10.15 11:49:24 INFO  no build target found for /home/lvn/prg/scala/test/Exirom/psp_system/psp-api/src/main/scala/psp/api/Api.scala. Using presentation compiler with project's scala-library version: 2.13.16
2025.10.15 11:49:26 INFO  no build target found for /home/lvn/prg/scala/test/Exirom/psp_system/psp-api/src/main/scala/psp/api/Api.scala. Using presentation compiler with project's scala-library version: 2.13.16
2025.10.15 11:49:27 INFO  no build target found for /home/lvn/prg/scala/test/Exirom/psp_system/psp-api/src/main/scala/psp/api/Api.scala. Using presentation compiler with project's scala-library version: 2.13.16
2025.10.15 11:49:30 INFO  no build target found for /home/lvn/prg/scala/test/Exirom/psp_system/psp-api/src/main/scala/psp/api/Api.scala. Using presentation compiler with project's scala-library version: 2.13.16
2025.10.15 11:49:31 INFO  no build target found for /home/lvn/prg/scala/test/Exirom/psp_system/psp-api/src/main/scala/psp/api/Api.scala. Using presentation compiler with project's scala-library version: 2.13.16
2025.10.15 11:49:31 INFO  no build target found for /home/lvn/prg/scala/test/Exirom/psp_system/psp-api/src/main/scala/psp/api/Api.scala. Using presentation compiler with project's scala-library version: 2.13.16
2025.10.15 11:49:33 INFO  no build target found for /home/lvn/prg/scala/test/Exirom/psp_system/psp-api/src/main/scala/psp/api/Api.scala. Using presentation compiler with project's scala-library version: 2.13.16
2025.10.15 11:49:33 INFO  no build target found for /home/lvn/prg/scala/test/Exirom/psp_system/psp-api/src/main/scala/psp/api/Api.scala. Using presentation compiler with project's scala-library version: 2.13.16
2025.10.15 11:49:33 INFO  no build target found for /home/lvn/prg/scala/test/Exirom/psp_system/psp-api/src/main/scala/psp/api/Api.scala. Using presentation compiler with project's scala-library version: 2.13.16
2025.10.15 11:49:34 INFO  no build target found for /home/lvn/prg/scala/test/Exirom/psp_system/psp-api/src/main/scala/psp/api/Api.scala. Using presentation compiler with project's scala-library version: 2.13.16
2025.10.15 11:49:34 INFO  no build target found for /home/lvn/prg/scala/test/Exirom/psp_system/psp-api/src/main/scala/psp/api/Api.scala. Using presentation compiler with project's scala-library version: 2.13.16
2025.10.15 11:49:45 INFO  no build target found for /home/lvn/prg/scala/test/Exirom/psp_system/psp-api/src/main/scala/psp/api/Api.scala. Using presentation compiler with project's scala-library version: 2.13.16
2025.10.15 11:49:45 INFO  no build target found for /home/lvn/prg/scala/test/Exirom/psp_system/psp-api/src/main/scala/psp/api/Api.scala. Using presentation compiler with project's scala-library version: 2.13.16
2025.10.15 11:49:47 INFO  no build target found for /home/lvn/prg/scala/test/Exirom/psp_system/psp-api/src/main/scala/psp/api/Api.scala. Using presentation compiler with project's scala-library version: 2.13.16
2025.10.15 11:49:47 INFO  no build target found for /home/lvn/prg/scala/test/Exirom/psp_system/psp-api/src/main/scala/psp/api/Api.scala. Using presentation compiler with project's scala-library version: 2.13.16
2025.10.15 11:49:49 INFO  no build target found for /home/lvn/prg/scala/test/Exirom/psp_system/psp-api/src/main/scala/psp/api/Api.scala. Using presentation compiler with project's scala-library version: 2.13.16
2025.10.15 11:49:54 INFO  no build target found for /home/lvn/prg/scala/test/Exirom/psp_system/psp-api/src/main/scala/psp/api/Api.scala. Using presentation compiler with project's scala-library version: 2.13.16
2025.10.15 11:49:57 INFO  no build target found for /home/lvn/prg/scala/test/Exirom/psp_system/psp-api/src/main/scala/psp/api/Api.scala. Using presentation compiler with project's scala-library version: 2.13.16
2025.10.15 11:49:58 INFO  no build target found for /home/lvn/prg/scala/test/Exirom/psp_system/psp-api/src/main/scala/psp/api/Api.scala. Using presentation compiler with project's scala-library version: 2.13.16
2025.10.15 11:49:59 INFO  no build target found for /home/lvn/prg/scala/test/Exirom/psp_system/psp-api/src/main/scala/psp/api/Api.scala. Using presentation compiler with project's scala-library version: 2.13.16
2025.10.15 11:50:01 INFO  no build target found for /home/lvn/prg/scala/test/Exirom/psp_system/psp-api/src/main/scala/psp/api/Api.scala. Using presentation compiler with project's scala-library version: 2.13.16
2025.10.15 11:50:04 INFO  no build target found for /home/lvn/prg/scala/test/Exirom/psp_system/psp-api/src/main/scala/psp/api/Api.scala. Using presentation compiler with project's scala-library version: 2.13.16
2025.10.15 11:50:08 INFO  no build target found for /home/lvn/prg/scala/test/Exirom/psp_system/psp-api/src/main/scala/psp/api/Api.scala. Using presentation compiler with project's scala-library version: 2.13.16
2025.10.15 11:50:08 INFO  no build target found for /home/lvn/prg/scala/test/Exirom/psp_system/psp-api/src/main/scala/psp/api/Api.scala. Using presentation compiler with project's scala-library version: 2.13.16
2025.10.15 11:50:09 INFO  no build target found for /home/lvn/prg/scala/test/Exirom/psp_system/psp-api/src/main/scala/psp/api/Api.scala. Using presentation compiler with project's scala-library version: 2.13.16
2025.10.15 11:50:11 INFO  no build target found for /home/lvn/prg/scala/test/Exirom/psp_system/psp-api/src/main/scala/psp/api/Api.scala. Using presentation compiler with project's scala-library version: 2.13.16
2025.10.15 11:50:11 INFO  no build target found for /home/lvn/prg/scala/test/Exirom/psp_system/psp-api/src/main/scala/psp/api/Api.scala. Using presentation compiler with project's scala-library version: 2.13.16
2025.10.15 11:50:13 INFO  no build target found for /home/lvn/prg/scala/test/Exirom/psp_system/psp-api/src/main/scala/psp/api/Api.scala. Using presentation compiler with project's scala-library version: 2.13.16
2025.10.15 11:50:15 INFO  no build target found for /home/lvn/prg/scala/test/Exirom/psp_system/psp-api/src/main/scala/psp/api/Api.scala. Using presentation compiler with project's scala-library version: 2.13.16
2025.10.15 11:50:15 INFO  no build target found for /home/lvn/prg/scala/test/Exirom/psp_system/psp-api/src/main/scala/psp/api/Api.scala. Using presentation compiler with project's scala-library version: 2.13.16
2025.10.15 11:50:15 INFO  no build target found for /home/lvn/prg/scala/test/Exirom/psp_system/psp-api/src/main/scala/psp/api/Api.scala. Using presentation compiler with project's scala-library version: 2.13.16
2025.10.15 11:50:23 INFO  no build target found for /home/lvn/prg/scala/test/Exirom/psp_system/psp-api/src/main/scala/psp/api/Api.scala. Using presentation compiler with project's scala-library version: 2.13.16
2025.10.15 11:50:23 INFO  no build target found for /home/lvn/prg/scala/test/Exirom/psp_system/psp-api/src/main/scala/psp/api/Api.scala. Using presentation compiler with project's scala-library version: 2.13.16
2025.10.15 11:50:23 INFO  no build target found for /home/lvn/prg/scala/test/Exirom/psp_system/psp-api/src/main/scala/psp/api/Api.scala. Using presentation compiler with project's scala-library version: 2.13.16
2025.10.15 11:50:26 INFO  no build target found for /home/lvn/prg/scala/test/Exirom/psp_system/psp-api/src/main/scala/psp/api/Api.scala. Using presentation compiler with project's scala-library version: 2.13.16
2025.10.15 11:50:26 INFO  no build target found for /home/lvn/prg/scala/test/Exirom/psp_system/psp-api/src/main/scala/psp/api/Api.scala. Using presentation compiler with project's scala-library version: 2.13.16
2025.10.15 11:50:37 INFO  no build target found for /home/lvn/prg/scala/test/Exirom/psp_system/psp-api/src/main/scala/psp/api/Api.scala. Using presentation compiler with project's scala-library version: 2.13.16
2025.10.15 11:50:40 INFO  no build target found for /home/lvn/prg/scala/test/Exirom/psp_system/psp-api/src/main/scala/psp/api/Api.scala. Using presentation compiler with project's scala-library version: 2.13.16
2025.10.15 11:50:46 INFO  no build target found for /home/lvn/prg/scala/test/Exirom/psp_system/psp-api/src/main/scala/psp/api/Api.scala. Using presentation compiler with project's scala-library version: 2.13.16
2025.10.15 11:50:46 INFO  no build target found for /home/lvn/prg/scala/test/Exirom/psp_system/psp-api/src/main/scala/psp/api/Api.scala. Using presentation compiler with project's scala-library version: 2.13.16
2025.10.15 11:50:46 INFO  no build target found for /home/lvn/prg/scala/test/Exirom/psp_system/psp-api/src/main/scala/psp/api/Api.scala. Using presentation compiler with project's scala-library version: 2.13.16
2025.10.15 11:50:46 INFO  no build target found for /home/lvn/prg/scala/test/Exirom/psp_system/psp-api/src/main/scala/psp/api/Api.scala. Using presentation compiler with project's scala-library version: 2.13.16
2025.10.15 11:50:48 INFO  no build target found for /home/lvn/prg/scala/test/Exirom/psp_system/psp-api/src/main/scala/psp/api/Api.scala. Using presentation compiler with project's scala-library version: 2.13.16
2025.10.15 11:50:56 INFO  no build target found for /home/lvn/prg/scala/test/Exirom/psp_system/psp-api/src/main/scala/psp/api/Api.scala. Using presentation compiler with project's scala-library version: 2.13.16
2025.10.15 11:50:56 INFO  no build target found for /home/lvn/prg/scala/test/Exirom/psp_system/psp-api/src/main/scala/psp/api/Api.scala. Using presentation compiler with project's scala-library version: 2.13.16
2025.10.15 11:51:02 WARN  no build target for: /home/lvn/prg/scala/test/Exirom/psp_system/psp-acquirer-mock/src/main/scala/psp/acquirer/MockAcquirer.scala
2025.10.15 11:51:02 INFO  no build target found for /home/lvn/prg/scala/test/Exirom/psp_system/psp-acquirer-mock/src/main/scala/psp/acquirer/MockAcquirer.scala. Using presentation compiler with project's scala-library version: 2.13.16
2025.10.15 11:51:04 INFO  no build target found for /home/lvn/prg/scala/test/Exirom/psp_system/psp-acquirer-mock/src/main/scala/psp/acquirer/MockAcquirer.scala. Using presentation compiler with project's scala-library version: 2.13.16
2025.10.15 11:51:04 INFO  no build target found for /home/lvn/prg/scala/test/Exirom/psp_system/psp-acquirer-mock/src/main/scala/psp/acquirer/MockAcquirer.scala. Using presentation compiler with project's scala-library version: 2.13.16
2025.10.15 11:51:08 INFO  no build target found for /home/lvn/prg/scala/test/Exirom/psp_system/psp-acquirer-mock/src/main/scala/psp/acquirer/MockAcquirer.scala. Using presentation compiler with project's scala-library version: 2.13.16
2025.10.15 11:51:09 INFO  no build target found for /home/lvn/prg/scala/test/Exirom/psp_system/psp-acquirer-mock/src/main/scala/psp/acquirer/MockAcquirer.scala. Using presentation compiler with project's scala-library version: 2.13.16
2025.10.15 11:51:09 INFO  no build target found for /home/lvn/prg/scala/test/Exirom/psp_system/psp-acquirer-mock/src/main/scala/psp/acquirer/MockAcquirer.scala. Using presentation compiler with project's scala-library version: 2.13.16
2025.10.15 11:51:11 INFO  no build target found for /home/lvn/prg/scala/test/Exirom/psp_system/psp-acquirer-mock/src/main/scala/psp/acquirer/MockAcquirer.scala. Using presentation compiler with project's scala-library version: 2.13.16
2025.10.15 11:51:12 INFO  no build target found for /home/lvn/prg/scala/test/Exirom/psp_system/psp-acquirer-mock/src/main/scala/psp/acquirer/MockAcquirer.scala. Using presentation compiler with project's scala-library version: 2.13.16
2025.10.15 11:51:15 INFO  no build target found for /home/lvn/prg/scala/test/Exirom/psp_system/psp-acquirer-mock/src/main/scala/psp/acquirer/MockAcquirer.scala. Using presentation compiler with project's scala-library version: 2.13.16
2025.10.15 11:51:39 WARN  no build target for: /home/lvn/prg/scala/test/Exirom/psp_system/psp-app/src/main/scala/psp/app/Main.scala
2025.10.15 11:51:39 INFO  no build target found for /home/lvn/prg/scala/test/Exirom/psp_system/psp-app/src/main/scala/psp/app/Main.scala. Using presentation compiler with project's scala-library version: 2.13.16
2025.10.15 11:51:41 INFO  no build target found for /home/lvn/prg/scala/test/Exirom/psp_system/psp-app/src/main/scala/psp/app/Main.scala. Using presentation compiler with project's scala-library version: 2.13.16
2025.10.15 11:51:41 INFO  no build target found for /home/lvn/prg/scala/test/Exirom/psp_system/psp-app/src/main/scala/psp/app/Main.scala. Using presentation compiler with project's scala-library version: 2.13.16
2025.10.15 11:51:41 INFO  no build target found for /home/lvn/prg/scala/test/Exirom/psp_system/psp-app/src/main/scala/psp/app/Main.scala. Using presentation compiler with project's scala-library version: 2.13.16
2025.10.15 11:51:42 INFO  no build target found for /home/lvn/prg/scala/test/Exirom/psp_system/psp-app/src/main/scala/psp/app/Main.scala. Using presentation compiler with project's scala-library version: 2.13.16
2025.10.15 11:51:42 INFO  no build target found for /home/lvn/prg/scala/test/Exirom/psp_system/psp-app/src/main/scala/psp/app/Main.scala. Using presentation compiler with project's scala-library version: 2.13.16
2025.10.15 11:51:42 INFO  no build target found for /home/lvn/prg/scala/test/Exirom/psp_system/psp-app/src/main/scala/psp/app/Main.scala. Using presentation compiler with project's scala-library version: 2.13.16
2025.10.15 11:51:43 INFO  no build target found for /home/lvn/prg/scala/test/Exirom/psp_system/psp-app/src/main/scala/psp/app/Main.scala. Using presentation compiler with project's scala-library version: 2.13.16
2025.10.15 11:51:43 INFO  no build target found for /home/lvn/prg/scala/test/Exirom/psp_system/psp-app/src/main/scala/psp/app/Main.scala. Using presentation compiler with project's scala-library version: 2.13.16
2025.10.15 11:51:43 INFO  no build target found for /home/lvn/prg/scala/test/Exirom/psp_system/psp-app/src/main/scala/psp/app/Main.scala. Using presentation compiler with project's scala-library version: 2.13.16
2025.10.15 11:51:44 INFO  no build target found for /home/lvn/prg/scala/test/Exirom/psp_system/psp-app/src/main/scala/psp/app/Main.scala. Using presentation compiler with project's scala-library version: 2.13.16
2025.10.15 11:51:44 INFO  no build target found for /home/lvn/prg/scala/test/Exirom/psp_system/psp-app/src/main/scala/psp/app/Main.scala. Using presentation compiler with project's scala-library version: 2.13.16
2025.10.15 11:51:46 INFO  no build target found for /home/lvn/prg/scala/test/Exirom/psp_system/psp-app/src/main/scala/psp/app/Main.scala. Using presentation compiler with project's scala-library version: 2.13.16
2025.10.15 11:51:46 INFO  no build target found for /home/lvn/prg/scala/test/Exirom/psp_system/psp-app/src/main/scala/psp/app/Main.scala. Using presentation compiler with project's scala-library version: 2.13.16
2025.10.15 11:51:47 INFO  no build target found for /home/lvn/prg/scala/test/Exirom/psp_system/psp-app/src/main/scala/psp/app/Main.scala. Using presentation compiler with project's scala-library version: 2.13.16
2025.10.15 11:51:47 INFO  no build target found for /home/lvn/prg/scala/test/Exirom/psp_system/psp-app/src/main/scala/psp/app/Main.scala. Using presentation compiler with project's scala-library version: 2.13.16
2025.10.15 11:51:48 INFO  no build target found for /home/lvn/prg/scala/test/Exirom/psp_system/psp-app/src/main/scala/psp/app/Main.scala. Using presentation compiler with project's scala-library version: 2.13.16
2025.10.15 11:51:48 INFO  no build target found for /home/lvn/prg/scala/test/Exirom/psp_system/psp-app/src/main/scala/psp/app/Main.scala. Using presentation compiler with project's scala-library version: 2.13.16
2025.10.15 11:51:48 INFO  no build target found for /home/lvn/prg/scala/test/Exirom/psp_system/psp-app/src/main/scala/psp/app/Main.scala. Using presentation compiler with project's scala-library version: 2.13.16
2025.10.15 11:51:50 INFO  no build target found for /home/lvn/prg/scala/test/Exirom/psp_system/psp-domain/src/main/scala/psp/domain/Models.scala. Using presentation compiler with project's scala-library version: 2.13.16
2025.10.15 11:51:50 INFO  no build target found for /home/lvn/prg/scala/test/Exirom/psp_system/psp-core/src/main/scala/psp/core/Validation.scala. Using presentation compiler with project's scala-library version: 2.13.16
2025.10.15 11:51:50 INFO  no build target found for /home/lvn/prg/scala/test/Exirom/psp_system/psp-core/src/main/scala/psp/core/Routing.scala. Using presentation compiler with project's scala-library version: 2.13.16
2025.10.15 11:51:50 INFO  no build target found for /home/lvn/prg/scala/test/Exirom/psp_system/psp-core/src/main/scala/psp/core/Algebras.scala. Using presentation compiler with project's scala-library version: 2.13.16
2025.10.15 11:51:50 INFO  no build target found for /home/lvn/prg/scala/test/Exirom/psp_system/psp-core/src/main/scala/psp/core/PaymentServiceImpl.scala. Using presentation compiler with project's scala-library version: 2.13.16
2025.10.15 11:51:50 INFO  no build target found for /home/lvn/prg/scala/test/Exirom/psp_system/psp-storage/src/main/scala/psp/storage/InMemoryTransactionRepo.scala. Using presentation compiler with project's scala-library version: 2.13.16
2025.10.15 11:52:23 INFO  no build target found for /home/lvn/prg/scala/test/Exirom/psp_system/psp-app/src/main/scala/psp/app/Main.scala. Using presentation compiler with project's scala-library version: 2.13.16
2025.10.15 11:52:23 INFO  no build target found for /home/lvn/prg/scala/test/Exirom/psp_system/psp-app/src/main/scala/psp/app/Main.scala. Using presentation compiler with project's scala-library version: 2.13.16
2025.10.15 11:53:28 INFO  no build target found for /home/lvn/prg/scala/test/Exirom/psp_system/psp-app/src/main/scala/psp/app/Main.scala. Using presentation compiler with project's scala-library version: 2.13.16
2025.10.15 11:53:28 INFO  no build target found for /home/lvn/prg/scala/test/Exirom/psp_system/psp-app/src/main/scala/psp/app/Main.scala. Using presentation compiler with project's scala-library version: 2.13.16
2025.10.15 11:53:28 INFO  no build target found for /home/lvn/prg/scala/test/Exirom/psp_system/psp-app/src/main/scala/psp/app/Main.scala. Using presentation compiler with project's scala-library version: 2.13.16
2025.10.15 11:53:28 INFO  no build target found for /home/lvn/prg/scala/test/Exirom/psp_system/psp-app/src/main/scala/psp/app/Main.scala. Using presentation compiler with project's scala-library version: 2.13.16
2025.10.15 11:53:30 INFO  no build target found for /home/lvn/prg/scala/test/Exirom/psp_system/psp-app/src/main/scala/psp/app/Main.scala. Using presentation compiler with project's scala-library version: 2.13.16
2025.10.15 11:53:31 INFO  no build target found for /home/lvn/prg/scala/test/Exirom/psp_system/psp-app/src/main/scala/psp/app/Main.scala. Using presentation compiler with project's scala-library version: 2.13.16
2025.10.15 11:53:31 INFO  no build target found for /home/lvn/prg/scala/test/Exirom/psp_system/psp-app/src/main/scala/psp/app/Main.scala. Using presentation compiler with project's scala-library version: 2.13.16
2025.10.15 11:53:31 INFO  no build target found for /home/lvn/prg/scala/test/Exirom/psp_system/psp-app/src/main/scala/psp/app/Main.scala. Using presentation compiler with project's scala-library version: 2.13.16
2025.10.15 11:53:31 INFO  no build target found for /home/lvn/prg/scala/test/Exirom/psp_system/psp-app/src/main/scala/psp/app/Main.scala. Using presentation compiler with project's scala-library version: 2.13.16
2025.10.15 11:53:31 INFO  no build target found for /home/lvn/prg/scala/test/Exirom/psp_system/psp-app/src/main/scala/psp/app/Main.scala. Using presentation compiler with project's scala-library version: 2.13.16
2025.10.15 11:53:32 INFO  Created report: Optional[file:///home/lvn/prg/scala/test/Exirom/psp_system/psp-app/src/main/scala/psp/app/Main.scala]
2025.10.15 11:53:32 INFO  empty definition using pc, found symbol in pc: psp/api/Endpoints. (full report at: "/home/lvn/prg/scala/test/Exirom/psp_system/.metals/.reports/metals-full/2025-10-15/r_empty-definition_11-53-31-990.md")
2025.10.15 11:53:31 INFO  no build target found for /home/lvn/prg/scala/test/Exirom/psp_system/psp-app/src/main/scala/psp/app/Main.scala. Using presentation compiler with project's scala-library version: 2.13.16
2025.10.15 11:53:32 INFO  no build target found for /home/lvn/prg/scala/test/Exirom/psp_system/psp-app/src/main/scala/psp/app/Main.scala. Using presentation compiler with project's scala-library version: 2.13.16
2025.10.15 11:53:31 INFO  no build target found for /home/lvn/prg/scala/test/Exirom/psp_system/psp-app/src/main/scala/psp/app/Main.scala. Using presentation compiler with project's scala-library version: 2.13.16
2025.10.15 11:53:31 INFO  no build target found for /home/lvn/prg/scala/test/Exirom/psp_system/psp-app/src/main/scala/psp/app/Main.scala. Using presentation compiler with project's scala-library version: 2.13.16
2025.10.15 11:53:32 INFO  empty definition using pc, found symbol in pc: psp/api/Endpoints. (full report at: "/home/lvn/prg/scala/test/Exirom/psp_system/.metals/.reports/metals-full/2025-10-15/r_empty-definition_11-53-31-990.md")
2025.10.15 11:53:32 INFO  Created report: Optional[file:///home/lvn/prg/scala/test/Exirom/psp_system/psp-app/src/main/scala/psp/app/Main.scala]
2025.10.15 11:53:32 INFO  empty definition using pc, found symbol in pc:  (full report at: "/home/lvn/prg/scala/test/Exirom/psp_system/.metals/.reports/metals-full/2025-10-15/r_empty-definition_11-53-32-512.md")
2025.10.15 11:53:32 INFO  Created report: Optional[file:///home/lvn/prg/scala/test/Exirom/psp_system/psp-app/src/main/scala/psp/app/Main.scala]
2025.10.15 11:53:32 INFO  empty definition using pc, found symbol in pc: psp/api/Endpoints.docsRoutes(). (full report at: "/home/lvn/prg/scala/test/Exirom/psp_system/.metals/.reports/metals-full/2025-10-15/r_empty-definition_11-53-32-750.md")
2025.10.15 11:53:31 INFO  empty definition using pc, found symbol in pc:  (full report at: "/home/lvn/prg/scala/test/Exirom/psp_system/.metals/.reports/metals-full/2025-10-15/r_empty-definition_11-53-32-512.md")
2025.10.15 11:53:40 INFO  no build target found for /home/lvn/prg/scala/test/Exirom/psp_system/psp-app/src/main/scala/psp/app/Main.scala. Using presentation compiler with project's scala-library version: 2.13.16
2025.10.15 11:53:40 INFO  no build target found for /home/lvn/prg/scala/test/Exirom/psp_system/psp-app/src/main/scala/psp/app/Main.scala. Using presentation compiler with project's scala-library version: 2.13.16
2025.10.15 11:53:40 INFO  no build target found for /home/lvn/prg/scala/test/Exirom/psp_system/psp-app/src/main/scala/psp/app/Main.scala. Using presentation compiler with project's scala-library version: 2.13.16
2025.10.15 11:53:42 INFO  no build target found for /home/lvn/prg/scala/test/Exirom/psp_system/psp-app/src/main/scala/psp/app/Main.scala. Using presentation compiler with project's scala-library version: 2.13.16
2025.10.15 11:53:42 INFO  no build target found for /home/lvn/prg/scala/test/Exirom/psp_system/psp-app/src/main/scala/psp/app/Main.scala. Using presentation compiler with project's scala-library version: 2.13.16
2025.10.15 11:53:42 INFO  no build target found for /home/lvn/prg/scala/test/Exirom/psp_system/psp-app/src/main/scala/psp/app/Main.scala. Using presentation compiler with project's scala-library version: 2.13.16
2025.10.15 11:53:42 INFO  no build target found for /home/lvn/prg/scala/test/Exirom/psp_system/psp-app/src/main/scala/psp/app/Main.scala. Using presentation compiler with project's scala-library version: 2.13.16
2025.10.15 11:53:43 INFO  no build target found for /home/lvn/prg/scala/test/Exirom/psp_system/psp-app/src/main/scala/psp/app/Main.scala. Using presentation compiler with project's scala-library version: 2.13.16
2025.10.15 11:53:43 INFO  no build target found for /home/lvn/prg/scala/test/Exirom/psp_system/psp-app/src/main/scala/psp/app/Main.scala. Using presentation compiler with project's scala-library version: 2.13.16
2025.10.15 11:53:43 INFO  no build target found for /home/lvn/prg/scala/test/Exirom/psp_system/psp-app/src/main/scala/psp/app/Main.scala. Using presentation compiler with project's scala-library version: 2.13.16
2025.10.15 11:53:45 INFO  no build target found for /home/lvn/prg/scala/test/Exirom/psp_system/psp-app/src/main/scala/psp/app/Main.scala. Using presentation compiler with project's scala-library version: 2.13.16
2025.10.15 11:53:47 INFO  no build target found for /home/lvn/prg/scala/test/Exirom/psp_system/psp-app/src/main/scala/psp/app/Main.scala. Using presentation compiler with project's scala-library version: 2.13.16
2025.10.15 11:53:47 INFO  no build target found for /home/lvn/prg/scala/test/Exirom/psp_system/psp-app/src/main/scala/psp/app/Main.scala. Using presentation compiler with project's scala-library version: 2.13.16
2025.10.15 11:53:48 INFO  no build target found for /home/lvn/prg/scala/test/Exirom/psp_system/psp-app/src/main/scala/psp/app/Main.scala. Using presentation compiler with project's scala-library version: 2.13.16
2025.10.15 11:53:48 INFO  no build target found for /home/lvn/prg/scala/test/Exirom/psp_system/psp-app/src/main/scala/psp/app/Main.scala. Using presentation compiler with project's scala-library version: 2.13.16
2025.10.15 11:53:49 INFO  no build target found for /home/lvn/prg/scala/test/Exirom/psp_system/psp-app/src/main/scala/psp/app/Main.scala. Using presentation compiler with project's scala-library version: 2.13.16
2025.10.15 11:54:18 WARN  no build target for: /home/lvn/prg/scala/test/Exirom/psp_system/psp-app/src/main/scala/psp/app/Main.scala
2025.10.15 11:54:18 INFO  no build target found for /home/lvn/prg/scala/test/Exirom/psp_system/psp-app/src/main/scala/psp/app/Main.scala. Using presentation compiler with project's scala-library version: 2.13.16
2025.10.15 11:54:20 INFO  no build target found for /home/lvn/prg/scala/test/Exirom/psp_system/psp-app/src/main/scala/psp/app/Main.scala. Using presentation compiler with project's scala-library version: 2.13.16
2025.10.15 11:54:23 INFO  no build target found for /home/lvn/prg/scala/test/Exirom/psp_system/psp-app/src/main/scala/psp/app/Main.scala. Using presentation compiler with project's scala-library version: 2.13.16
2025.10.15 11:54:25 INFO  no build target found for /home/lvn/prg/scala/test/Exirom/psp_system/psp-app/src/main/scala/psp/app/Main.scala. Using presentation compiler with project's scala-library version: 2.13.16
2025.10.15 11:54:25 INFO  no build target found for /home/lvn/prg/scala/test/Exirom/psp_system/psp-app/src/main/scala/psp/app/Main.scala. Using presentation compiler with project's scala-library version: 2.13.16
2025.10.15 11:54:25 INFO  no build target found for /home/lvn/prg/scala/test/Exirom/psp_system/psp-app/src/main/scala/psp/app/Main.scala. Using presentation compiler with project's scala-library version: 2.13.16
2025.10.15 11:54:26 INFO  no build target found for /home/lvn/prg/scala/test/Exirom/psp_system/psp-app/src/main/scala/psp/app/Main.scala. Using presentation compiler with project's scala-library version: 2.13.16
2025.10.15 11:54:26 INFO  no build target found for /home/lvn/prg/scala/test/Exirom/psp_system/psp-app/src/main/scala/psp/app/Main.scala. Using presentation compiler with project's scala-library version: 2.13.16
2025.10.15 11:54:27 INFO  no build target found for /home/lvn/prg/scala/test/Exirom/psp_system/psp-app/src/main/scala/psp/app/Main.scala. Using presentation compiler with project's scala-library version: 2.13.16
2025.10.15 11:54:27 INFO  no build target found for /home/lvn/prg/scala/test/Exirom/psp_system/psp-app/src/main/scala/psp/app/Main.scala. Using presentation compiler with project's scala-library version: 2.13.16
2025.10.15 11:54:29 INFO  no build target found for /home/lvn/prg/scala/test/Exirom/psp_system/psp-app/src/main/scala/psp/app/Main.scala. Using presentation compiler with project's scala-library version: 2.13.16
2025.10.15 11:54:31 INFO  no build target found for /home/lvn/prg/scala/test/Exirom/psp_system/psp-app/src/main/scala/psp/app/Main.scala. Using presentation compiler with project's scala-library version: 2.13.16
2025.10.15 11:54:31 INFO  no build target found for /home/lvn/prg/scala/test/Exirom/psp_system/psp-app/src/main/scala/psp/app/Main.scala. Using presentation compiler with project's scala-library version: 2.13.16
2025.10.15 11:54:31 INFO  empty definition using pc, found symbol in pc:  (full report at: "/home/lvn/prg/scala/test/Exirom/psp_system/.metals/.reports/metals-full/2025-10-15/r_empty-definition_11-53-32-512.md")
2025.10.15 11:54:31 INFO  no build target found for /home/lvn/prg/scala/test/Exirom/psp_system/psp-app/src/main/scala/psp/app/Main.scala. Using presentation compiler with project's scala-library version: 2.13.16
2025.10.15 11:54:31 INFO  no build target found for /home/lvn/prg/scala/test/Exirom/psp_system/psp-app/src/main/scala/psp/app/Main.scala. Using presentation compiler with project's scala-library version: 2.13.16
2025.10.15 11:54:31 INFO  no build target found for /home/lvn/prg/scala/test/Exirom/psp_system/psp-app/src/main/scala/psp/app/Main.scala. Using presentation compiler with project's scala-library version: 2.13.16
2025.10.15 11:54:31 INFO  no build target found for /home/lvn/prg/scala/test/Exirom/psp_system/psp-app/src/main/scala/psp/app/Main.scala. Using presentation compiler with project's scala-library version: 2.13.16
2025.10.15 11:54:31 INFO  empty definition using pc, found symbol in pc:  (full report at: "/home/lvn/prg/scala/test/Exirom/psp_system/.metals/.reports/metals-full/2025-10-15/r_empty-definition_11-53-32-512.md")
2025.10.15 11:54:31 INFO  no build target found for /home/lvn/prg/scala/test/Exirom/psp_system/psp-app/src/main/scala/psp/app/Main.scala. Using presentation compiler with project's scala-library version: 2.13.16
2025.10.15 11:54:35 INFO  no build target found for /home/lvn/prg/scala/test/Exirom/psp_system/psp-core/src/main/scala/psp/core/Routing.scala. Using presentation compiler with project's scala-library version: 2.13.16
2025.10.15 11:54:35 INFO  no build target found for /home/lvn/prg/scala/test/Exirom/psp_system/psp-core/src/main/scala/psp/core/Routing.scala. Using presentation compiler with project's scala-library version: 2.13.16
2025.10.15 11:54:35 WARN  no build target for: /home/lvn/prg/scala/test/Exirom/psp_system/psp-core/src/main/scala/psp/core/Routing.scala
2025.10.15 11:54:35 INFO  no build target found for /home/lvn/prg/scala/test/Exirom/psp_system/psp-app/src/main/scala/psp/app/Main.scala. Using presentation compiler with project's scala-library version: 2.13.16
2025.10.15 11:54:35 WARN  no build target for: /home/lvn/prg/scala/test/Exirom/psp_system/psp-acquirer-mock/src/main/scala/psp/acquirer/MockAcquirer.scala
2025.10.15 11:54:35 INFO  no build target found for /home/lvn/prg/scala/test/Exirom/psp_system/psp-acquirer-mock/src/main/scala/psp/acquirer/MockAcquirer.scala. Using presentation compiler with project's scala-library version: 2.13.16
2025.10.15 11:54:35 INFO  no build target found for /home/lvn/prg/scala/test/Exirom/psp_system/psp-acquirer-mock/src/main/scala/psp/acquirer/MockAcquirer.scala. Using presentation compiler with project's scala-library version: 2.13.16
2025.10.15 11:54:36 INFO  no build target found for /home/lvn/prg/scala/test/Exirom/psp_system/psp-acquirer-mock/src/main/scala/psp/acquirer/MockAcquirer.scala. Using presentation compiler with project's scala-library version: 2.13.16
2025.10.15 11:54:36 INFO  no build target found for /home/lvn/prg/scala/test/Exirom/psp_system/psp-acquirer-mock/src/main/scala/psp/acquirer/MockAcquirer.scala. Using presentation compiler with project's scala-library version: 2.13.16
Oct 15, 2025 11:54:37 AM org.eclipse.lsp4j.jsonrpc.RemoteEndpoint handleCancellation
WARNING: Unmatched cancel notification for request id 323
2025.10.15 11:54:36 INFO  no build target found for /home/lvn/prg/scala/test/Exirom/psp_system/psp-acquirer-mock/src/main/scala/psp/acquirer/MockAcquirer.scala. Using presentation compiler with project's scala-library version: 2.13.16
2025.10.15 11:54:38 INFO  no build target found for /home/lvn/prg/scala/test/Exirom/psp_system/psp-acquirer-mock/src/main/scala/psp/acquirer/MockAcquirer.scala. Using presentation compiler with project's scala-library version: 2.13.16
2025.10.15 11:54:38 INFO  no build target found for /home/lvn/prg/scala/test/Exirom/psp_system/psp-acquirer-mock/src/main/scala/psp/acquirer/MockAcquirer.scala. Using presentation compiler with project's scala-library version: 2.13.16
2025.10.15 11:54:40 INFO  no build target found for /home/lvn/prg/scala/test/Exirom/psp_system/psp-acquirer-mock/src/main/scala/psp/acquirer/MockAcquirer.scala. Using presentation compiler with project's scala-library version: 2.13.16
2025.10.15 11:54:41 INFO  no build target found for /home/lvn/prg/scala/test/Exirom/psp_system/psp-acquirer-mock/src/main/scala/psp/acquirer/MockAcquirer.scala. Using presentation compiler with project's scala-library version: 2.13.16
2025.10.15 11:54:41 INFO  no build target found for /home/lvn/prg/scala/test/Exirom/psp_system/psp-acquirer-mock/src/main/scala/psp/acquirer/MockAcquirer.scala. Using presentation compiler with project's scala-library version: 2.13.16
2025.10.15 11:54:43 INFO  no build target found for /home/lvn/prg/scala/test/Exirom/psp_system/psp-acquirer-mock/src/main/scala/psp/acquirer/MockAcquirer.scala. Using presentation compiler with project's scala-library version: 2.13.16
2025.10.15 11:55:14 WARN  no build target for: /home/lvn/prg/scala/test/Exirom/psp_system/psp-app/src/main/scala/psp/app/Main.scala
2025.10.15 11:55:14 INFO  no build target found for /home/lvn/prg/scala/test/Exirom/psp_system/psp-app/src/main/scala/psp/app/Main.scala. Using presentation compiler with project's scala-library version: 2.13.16
2025.10.15 11:55:14 INFO  no build target found for /home/lvn/prg/scala/test/Exirom/psp_system/psp-app/src/main/scala/psp/app/Main.scala. Using presentation compiler with project's scala-library version: 2.13.16
2025.10.15 11:55:18 INFO  no build target found for /home/lvn/prg/scala/test/Exirom/psp_system/psp-app/src/main/scala/psp/app/Main.scala. Using presentation compiler with project's scala-library version: 2.13.16
2025.10.15 11:55:20 INFO  no build target found for /home/lvn/prg/scala/test/Exirom/psp_system/psp-app/src/main/scala/psp/app/Main.scala. Using presentation compiler with project's scala-library version: 2.13.16
2025.10.15 11:55:20 INFO  no build target found for /home/lvn/prg/scala/test/Exirom/psp_system/psp-app/src/main/scala/psp/app/Main.scala. Using presentation compiler with project's scala-library version: 2.13.16
2025.10.15 11:55:20 INFO  no build target found for /home/lvn/prg/scala/test/Exirom/psp_system/psp-app/src/main/scala/psp/app/Main.scala. Using presentation compiler with project's scala-library version: 2.13.16
2025.10.15 11:55:21 INFO  no build target found for /home/lvn/prg/scala/test/Exirom/psp_system/psp-app/src/main/scala/psp/app/Main.scala. Using presentation compiler with project's scala-library version: 2.13.16
2025.10.15 11:55:21 INFO  no build target found for /home/lvn/prg/scala/test/Exirom/psp_system/psp-app/src/main/scala/psp/app/Main.scala. Using presentation compiler with project's scala-library version: 2.13.16
2025.10.15 11:55:22 INFO  no build target found for /home/lvn/prg/scala/test/Exirom/psp_system/psp-app/src/main/scala/psp/app/Main.scala. Using presentation compiler with project's scala-library version: 2.13.16
2025.10.15 11:55:22 INFO  empty definition using pc, found symbol in pc:  (full report at: "/home/lvn/prg/scala/test/Exirom/psp_system/.metals/.reports/metals-full/2025-10-15/r_empty-definition_11-53-32-512.md")
2025.10.15 11:55:23 INFO  no build target found for /home/lvn/prg/scala/test/Exirom/psp_system/psp-app/src/main/scala/psp/app/Main.scala. Using presentation compiler with project's scala-library version: 2.13.16
2025.10.15 11:55:23 INFO  no build target found for /home/lvn/prg/scala/test/Exirom/psp_system/psp-app/src/main/scala/psp/app/Main.scala. Using presentation compiler with project's scala-library version: 2.13.16
2025.10.15 11:55:23 INFO  no build target found for /home/lvn/prg/scala/test/Exirom/psp_system/psp-app/src/main/scala/psp/app/Main.scala. Using presentation compiler with project's scala-library version: 2.13.16
2025.10.15 11:55:22 INFO  no build target found for /home/lvn/prg/scala/test/Exirom/psp_system/psp-app/src/main/scala/psp/app/Main.scala. Using presentation compiler with project's scala-library version: 2.13.16
2025.10.15 11:55:23 INFO  no build target found for /home/lvn/prg/scala/test/Exirom/psp_system/psp-app/src/main/scala/psp/app/Main.scala. Using presentation compiler with project's scala-library version: 2.13.16
2025.10.15 11:55:22 INFO  Created report: Optional[file:///home/lvn/prg/scala/test/Exirom/psp_system/psp-app/src/main/scala/psp/app/Main.scala]
2025.10.15 11:55:22 INFO  empty definition using pc, found symbol in pc: psp/storage/InMemoryTransactionRepo. (full report at: "/home/lvn/prg/scala/test/Exirom/psp_system/.metals/.reports/metals-full/2025-10-15/r_empty-definition_11-55-23-343.md")
2025.10.15 11:55:23 INFO  Created report: Optional[file:///home/lvn/prg/scala/test/Exirom/psp_system/psp-app/src/main/scala/psp/app/Main.scala]
2025.10.15 11:55:23 INFO  empty definition using pc, found symbol in pc:  (full report at: "/home/lvn/prg/scala/test/Exirom/psp_system/.metals/.reports/metals-full/2025-10-15/r_empty-definition_11-55-23-357.md")
2025.10.15 11:55:23 INFO  empty definition using pc, found symbol in pc: psp/api/Endpoints. (full report at: "/home/lvn/prg/scala/test/Exirom/psp_system/.metals/.reports/metals-full/2025-10-15/r_empty-definition_11-53-31-990.md")
2025.10.15 11:55:23 INFO  empty definition using pc, found symbol in pc:  (full report at: "/home/lvn/prg/scala/test/Exirom/psp_system/.metals/.reports/metals-full/2025-10-15/r_empty-definition_11-53-32-512.md")
2025.10.15 11:55:23 INFO  empty definition using pc, found symbol in pc: psp/storage/InMemoryTransactionRepo. (full report at: "/home/lvn/prg/scala/test/Exirom/psp_system/.metals/.reports/metals-full/2025-10-15/r_empty-definition_11-55-23-343.md")
2025.10.15 11:55:29 INFO  no build target found for /home/lvn/prg/scala/test/Exirom/psp_system/psp-app/src/main/scala/psp/app/Main.scala. Using presentation compiler with project's scala-library version: 2.13.16
2025.10.15 11:55:30 WARN  no build target for: /home/lvn/prg/scala/test/Exirom/psp_system/psp-acquirer-mock/src/main/scala/psp/acquirer/MockAcquirer.scala
2025.10.15 11:55:30 INFO  no build target found for /home/lvn/prg/scala/test/Exirom/psp_system/psp-acquirer-mock/src/main/scala/psp/acquirer/MockAcquirer.scala. Using presentation compiler with project's scala-library version: 2.13.16
2025.10.15 11:55:30 INFO  no build target found for /home/lvn/prg/scala/test/Exirom/psp_system/psp-acquirer-mock/src/main/scala/psp/acquirer/MockAcquirer.scala. Using presentation compiler with project's scala-library version: 2.13.16
2025.10.15 11:55:44 INFO  no build target found for /home/lvn/prg/scala/test/Exirom/psp_system/psp-acquirer-mock/src/main/scala/psp/acquirer/MockAcquirer.scala. Using presentation compiler with project's scala-library version: 2.13.16
2025.10.15 11:55:44 INFO  no build target found for /home/lvn/prg/scala/test/Exirom/psp_system/psp-acquirer-mock/src/main/scala/psp/acquirer/MockAcquirer.scala. Using presentation compiler with project's scala-library version: 2.13.16
2025.10.15 11:55:45 INFO  no build target found for /home/lvn/prg/scala/test/Exirom/psp_system/psp-acquirer-mock/src/main/scala/psp/acquirer/MockAcquirer.scala. Using presentation compiler with project's scala-library version: 2.13.16
2025.10.15 11:55:50 INFO  no build target found for /home/lvn/prg/scala/test/Exirom/psp_system/psp-acquirer-mock/src/main/scala/psp/acquirer/MockAcquirer.scala. Using presentation compiler with project's scala-library version: 2.13.16
2025.10.15 11:55:50 INFO  Created report: Optional[file:///home/lvn/prg/scala/test/Exirom/psp_system/psp-acquirer-mock/src/main/scala/psp/acquirer/MockAcquirer.scala]
2025.10.15 11:55:50 INFO  empty definition using pc, found symbol in pc:  (full report at: "/home/lvn/prg/scala/test/Exirom/psp_system/.metals/.reports/metals-full/2025-10-15/r_empty-definition_11-55-50-178.md")
2025.10.15 11:55:50 INFO  no build target found for /home/lvn/prg/scala/test/Exirom/psp_system/psp-acquirer-mock/src/main/scala/psp/acquirer/MockAcquirer.scala. Using presentation compiler with project's scala-library version: 2.13.16
2025.10.15 11:55:50 INFO  empty definition using pc, found symbol in pc:  (full report at: "/home/lvn/prg/scala/test/Exirom/psp_system/.metals/.reports/metals-full/2025-10-15/r_empty-definition_11-55-50-178.md")
2025.10.15 11:55:50 INFO  no build target found for /home/lvn/prg/scala/test/Exirom/psp_system/psp-acquirer-mock/src/main/scala/psp/acquirer/MockAcquirer.scala. Using presentation compiler with project's scala-library version: 2.13.16
2025.10.15 11:55:50 INFO  no build target found for /home/lvn/prg/scala/test/Exirom/psp_system/psp-acquirer-mock/src/main/scala/psp/acquirer/MockAcquirer.scala. Using presentation compiler with project's scala-library version: 2.13.16
2025.10.15 11:55:50 INFO  no build target found for /home/lvn/prg/scala/test/Exirom/psp_system/psp-acquirer-mock/src/main/scala/psp/acquirer/MockAcquirer.scala. Using presentation compiler with project's scala-library version: 2.13.16
2025.10.15 11:55:50 INFO  empty definition using pc, found symbol in pc:  (full report at: "/home/lvn/prg/scala/test/Exirom/psp_system/.metals/.reports/metals-full/2025-10-15/r_empty-definition_11-55-50-178.md")
2025.10.15 11:55:51 INFO  no build target found for /home/lvn/prg/scala/test/Exirom/psp_system/psp-acquirer-mock/src/main/scala/psp/acquirer/MockAcquirer.scala. Using presentation compiler with project's scala-library version: 2.13.16
2025.10.15 11:55:57 INFO  no build target found for /home/lvn/prg/scala/test/Exirom/psp_system/psp-core/src/main/scala/psp/core/Algebras.scala. Using presentation compiler with project's scala-library version: 2.13.16
2025.10.15 11:55:57 WARN  no build target for: /home/lvn/prg/scala/test/Exirom/psp_system/psp-core/src/main/scala/psp/core/Algebras.scala
2025.10.15 11:55:57 INFO  no build target found for /home/lvn/prg/scala/test/Exirom/psp_system/psp-core/src/main/scala/psp/core/Algebras.scala. Using presentation compiler with project's scala-library version: 2.13.16
2025.10.15 11:55:57 INFO  no build target found for /home/lvn/prg/scala/test/Exirom/psp_system/psp-core/src/main/scala/psp/core/Algebras.scala. Using presentation compiler with project's scala-library version: 2.13.16
2025.10.15 11:55:57 INFO  no build target found for /home/lvn/prg/scala/test/Exirom/psp_system/psp-core/src/main/scala/psp/core/Algebras.scala. Using presentation compiler with project's scala-library version: 2.13.16
2025.10.15 11:55:58 INFO  no build target found for /home/lvn/prg/scala/test/Exirom/psp_system/psp-core/src/main/scala/psp/core/Algebras.scala. Using presentation compiler with project's scala-library version: 2.13.16
2025.10.15 11:55:59 INFO  no build target found for /home/lvn/prg/scala/test/Exirom/psp_system/psp-core/src/main/scala/psp/core/Algebras.scala. Using presentation compiler with project's scala-library version: 2.13.16
2025.10.15 11:56:05 WARN  no build target for: /home/lvn/prg/scala/test/Exirom/psp_system/psp-acquirer-mock/src/main/scala/psp/acquirer/MockAcquirer.scala
2025.10.15 11:56:05 INFO  no build target found for /home/lvn/prg/scala/test/Exirom/psp_system/psp-acquirer-mock/src/main/scala/psp/acquirer/MockAcquirer.scala. Using presentation compiler with project's scala-library version: 2.13.16
2025.10.15 11:56:05 INFO  no build target found for /home/lvn/prg/scala/test/Exirom/psp_system/psp-acquirer-mock/src/main/scala/psp/acquirer/MockAcquirer.scala. Using presentation compiler with project's scala-library version: 2.13.16
2025.10.15 11:56:05 WARN  no build target for: /home/lvn/prg/scala/test/Exirom/psp_system/psp-app/src/main/scala/psp/app/Main.scala
2025.10.15 11:56:05 INFO  no build target found for /home/lvn/prg/scala/test/Exirom/psp_system/psp-app/src/main/scala/psp/app/Main.scala. Using presentation compiler with project's scala-library version: 2.13.16
2025.10.15 11:56:06 INFO  no build target found for /home/lvn/prg/scala/test/Exirom/psp_system/psp-app/src/main/scala/psp/app/Main.scala. Using presentation compiler with project's scala-library version: 2.13.16
2025.10.15 11:56:08 INFO  no build target found for /home/lvn/prg/scala/test/Exirom/psp_system/psp-app/src/main/scala/psp/app/Main.scala. Using presentation compiler with project's scala-library version: 2.13.16
2025.10.15 11:56:08 INFO  no build target found for /home/lvn/prg/scala/test/Exirom/psp_system/psp-app/src/main/scala/psp/app/Main.scala. Using presentation compiler with project's scala-library version: 2.13.16
2025.10.15 11:56:08 INFO  no build target found for /home/lvn/prg/scala/test/Exirom/psp_system/psp-app/src/main/scala/psp/app/Main.scala. Using presentation compiler with project's scala-library version: 2.13.16
2025.10.15 11:56:09 INFO  no build target found for /home/lvn/prg/scala/test/Exirom/psp_system/psp-app/src/main/scala/psp/app/Main.scala. Using presentation compiler with project's scala-library version: 2.13.16
2025.10.15 11:56:09 INFO  no build target found for /home/lvn/prg/scala/test/Exirom/psp_system/psp-app/src/main/scala/psp/app/Main.scala. Using presentation compiler with project's scala-library version: 2.13.16
2025.10.15 11:56:09 INFO  no build target found for /home/lvn/prg/scala/test/Exirom/psp_system/psp-app/src/main/scala/psp/app/Main.scala. Using presentation compiler with project's scala-library version: 2.13.16
2025.10.15 11:56:09 INFO  no build target found for /home/lvn/prg/scala/test/Exirom/psp_system/psp-app/src/main/scala/psp/app/Main.scala. Using presentation compiler with project's scala-library version: 2.13.16
2025.10.15 11:56:09 INFO  no build target found for /home/lvn/prg/scala/test/Exirom/psp_system/psp-app/src/main/scala/psp/app/Main.scala. Using presentation compiler with project's scala-library version: 2.13.16
2025.10.15 11:56:09 INFO  no build target found for /home/lvn/prg/scala/test/Exirom/psp_system/psp-app/src/main/scala/psp/app/Main.scala. Using presentation compiler with project's scala-library version: 2.13.16
2025.10.15 11:56:10 INFO  no build target found for /home/lvn/prg/scala/test/Exirom/psp_system/psp-app/src/main/scala/psp/app/Main.scala. Using presentation compiler with project's scala-library version: 2.13.16
2025.10.15 11:58:21 INFO  no build target found for /home/lvn/prg/scala/test/Exirom/psp_system/psp-app/src/main/scala/psp/app/Main.scala. Using presentation compiler with project's scala-library version: 2.13.16
2025.10.15 11:58:25 INFO  no build target found for /home/lvn/prg/scala/test/Exirom/psp_system/psp-app/src/main/scala/psp/app/Main.scala. Using presentation compiler with project's scala-library version: 2.13.16
2025.10.15 11:58:26 INFO  no build target found for /home/lvn/prg/scala/test/Exirom/psp_system/psp-app/src/main/scala/psp/app/Main.scala. Using presentation compiler with project's scala-library version: 2.13.16
2025.10.15 11:58:54 INFO  no build target found for /home/lvn/prg/scala/test/Exirom/psp_system/psp-app/src/main/scala/psp/app/Main.scala. Using presentation compiler with project's scala-library version: 2.13.16
2025.10.15 11:59:01 INFO  no build target found for /home/lvn/prg/scala/test/Exirom/psp_system/psp-app/src/main/scala/psp/app/Main.scala. Using presentation compiler with project's scala-library version: 2.13.16
2025.10.15 11:59:13 INFO  no build target found for /home/lvn/prg/scala/test/Exirom/psp_system/psp-acquirer-mock/src/main/scala/psp/acquirer/MockAcquirer.scala. Using presentation compiler with project's scala-library version: 2.13.16
2025.10.15 11:59:13 INFO  no build target found for /home/lvn/prg/scala/test/Exirom/psp_system/psp-acquirer-mock/src/main/scala/psp/acquirer/MockAcquirer.scala. Using presentation compiler with project's scala-library version: 2.13.16
2025.10.15 11:59:13 WARN  no build target for: /home/lvn/prg/scala/test/Exirom/psp_system/psp-acquirer-mock/src/main/scala/psp/acquirer/MockAcquirer.scala
2025.10.15 11:59:13 INFO  no build target found for /home/lvn/prg/scala/test/Exirom/psp_system/psp-app/src/main/scala/psp/app/Main.scala. Using presentation compiler with project's scala-library version: 2.13.16
2025.10.15 11:59:16 WARN  no build target for: /home/lvn/prg/scala/test/Exirom/psp_system/psp-acquirer-mock/src/main/scala/psp/acquirer/MockAcquirer.scala
2025.10.15 11:59:16 INFO  no build target found for /home/lvn/prg/scala/test/Exirom/psp_system/psp-acquirer-mock/src/main/scala/psp/acquirer/MockAcquirer.scala. Using presentation compiler with project's scala-library version: 2.13.16
2025.10.15 11:59:16 INFO  no build target found for /home/lvn/prg/scala/test/Exirom/psp_system/psp-acquirer-mock/src/main/scala/psp/acquirer/MockAcquirer.scala. Using presentation compiler with project's scala-library version: 2.13.16
2025.10.15 11:59:19 INFO  no build target found for /home/lvn/prg/scala/test/Exirom/psp_system/psp-acquirer-mock/src/main/scala/psp/acquirer/MockAcquirer.scala. Using presentation compiler with project's scala-library version: 2.13.16
2025.10.15 11:59:19 INFO  no build target found for /home/lvn/prg/scala/test/Exirom/psp_system/psp-acquirer-mock/src/main/scala/psp/acquirer/MockAcquirer.scala. Using presentation compiler with project's scala-library version: 2.13.16
2025.10.15 11:59:21 INFO  no build target found for /home/lvn/prg/scala/test/Exirom/psp_system/psp-acquirer-mock/src/main/scala/psp/acquirer/MockAcquirer.scala. Using presentation compiler with project's scala-library version: 2.13.16
2025.10.15 11:59:21 INFO  no build target found for /home/lvn/prg/scala/test/Exirom/psp_system/psp-acquirer-mock/src/main/scala/psp/acquirer/MockAcquirer.scala. Using presentation compiler with project's scala-library version: 2.13.16
2025.10.15 11:59:23 INFO  no build target found for /home/lvn/prg/scala/test/Exirom/psp_system/psp-acquirer-mock/src/main/scala/psp/acquirer/MockAcquirer.scala. Using presentation compiler with project's scala-library version: 2.13.16
2025.10.15 11:59:23 INFO  no build target found for /home/lvn/prg/scala/test/Exirom/psp_system/psp-acquirer-mock/src/main/scala/psp/acquirer/MockAcquirer.scala. Using presentation compiler with project's scala-library version: 2.13.16
2025.10.15 11:59:23 INFO  no build target found for /home/lvn/prg/scala/test/Exirom/psp_system/psp-acquirer-mock/src/main/scala/psp/acquirer/MockAcquirer.scala. Using presentation compiler with project's scala-library version: 2.13.16
2025.10.15 11:59:26 INFO  no build target found for /home/lvn/prg/scala/test/Exirom/psp_system/psp-acquirer-mock/src/main/scala/psp/acquirer/MockAcquirer.scala. Using presentation compiler with project's scala-library version: 2.13.16
2025.10.15 11:59:28 INFO  no build target found for /home/lvn/prg/scala/test/Exirom/psp_system/psp-acquirer-mock/src/main/scala/psp/acquirer/MockAcquirer.scala. Using presentation compiler with project's scala-library version: 2.13.16
2025.10.15 11:59:32 INFO  no build target found for /home/lvn/prg/scala/test/Exirom/psp_system/psp-acquirer-mock/src/main/scala/psp/acquirer/MockAcquirer.scala. Using presentation compiler with project's scala-library version: 2.13.16
2025.10.15 11:59:32 INFO  no build target found for /home/lvn/prg/scala/test/Exirom/psp_system/psp-acquirer-mock/src/main/scala/psp/acquirer/MockAcquirer.scala. Using presentation compiler with project's scala-library version: 2.13.16
2025.10.15 11:59:32 WARN  no build target for: /home/lvn/prg/scala/test/Exirom/psp_system/psp-acquirer-mock/src/main/scala/psp/acquirer/MockAcquirer.scala
2025.10.15 11:59:32 INFO  no build target found for /home/lvn/prg/scala/test/Exirom/psp_system/psp-acquirer-mock/src/main/scala/psp/acquirer/MockAcquirer.scala. Using presentation compiler with project's scala-library version: 2.13.16
2025.10.15 11:59:32 INFO  no build target found for /home/lvn/prg/scala/test/Exirom/psp_system/psp-acquirer-mock/src/main/scala/psp/acquirer/MockAcquirer.scala. Using presentation compiler with project's scala-library version: 2.13.16
2025.10.15 11:59:34 INFO  no build target found for /home/lvn/prg/scala/test/Exirom/psp_system/psp-acquirer-mock/src/main/scala/psp/acquirer/MockAcquirer.scala. Using presentation compiler with project's scala-library version: 2.13.16
2025.10.15 11:59:34 INFO  no build target found for /home/lvn/prg/scala/test/Exirom/psp_system/psp-acquirer-mock/src/main/scala/psp/acquirer/MockAcquirer.scala. Using presentation compiler with project's scala-library version: 2.13.16
2025.10.15 11:59:34 INFO  no build target found for /home/lvn/prg/scala/test/Exirom/psp_system/psp-acquirer-mock/src/main/scala/psp/acquirer/MockAcquirer.scala. Using presentation compiler with project's scala-library version: 2.13.16
2025.10.15 11:59:35 INFO  no build target found for /home/lvn/prg/scala/test/Exirom/psp_system/psp-acquirer-mock/src/main/scala/psp/acquirer/MockAcquirer.scala. Using presentation compiler with project's scala-library version: 2.13.16
2025.10.15 11:59:35 INFO  no build target found for /home/lvn/prg/scala/test/Exirom/psp_system/psp-acquirer-mock/src/main/scala/psp/acquirer/MockAcquirer.scala. Using presentation compiler with project's scala-library version: 2.13.16
2025.10.15 11:59:37 INFO  no build target found for /home/lvn/prg/scala/test/Exirom/psp_system/psp-acquirer-mock/src/main/scala/psp/acquirer/MockAcquirer.scala. Using presentation compiler with project's scala-library version: 2.13.16
2025.10.15 11:59:39 INFO  no build target found for /home/lvn/prg/scala/test/Exirom/psp_system/psp-acquirer-mock/src/main/scala/psp/acquirer/MockAcquirer.scala. Using presentation compiler with project's scala-library version: 2.13.16
2025.10.15 11:59:40 WARN  no build target for: /home/lvn/prg/scala/test/Exirom/psp_system/psp-acquirer-mock/src/main/scala/psp/acquirer/MockAcquirer.scala
2025.10.15 11:59:41 INFO  no build target found for /home/lvn/prg/scala/test/Exirom/psp_system/psp-acquirer-mock/src/main/scala/psp/acquirer/MockAcquirer.scala. Using presentation compiler with project's scala-library version: 2.13.16
2025.10.15 12:00:44 INFO  no build target found for /home/lvn/prg/scala/test/Exirom/psp_system/psp-acquirer-mock/src/main/scala/psp/acquirer/MockAcquirer.scala. Using presentation compiler with project's scala-library version: 2.13.16
2025.10.15 12:00:58 INFO  no build target found for /home/lvn/prg/scala/test/Exirom/psp_system/psp-acquirer-mock/src/main/scala/psp/acquirer/MockAcquirer.scala. Using presentation compiler with project's scala-library version: 2.13.16
2025.10.15 12:03:38 INFO  no build target found for /home/lvn/prg/scala/test/Exirom/psp_system/psp-acquirer-mock/src/main/scala/psp/acquirer/MockAcquirer.scala. Using presentation compiler with project's scala-library version: 2.13.16
2025.10.15 12:03:46 WARN  no build target for: /home/lvn/prg/scala/test/Exirom/psp_system/psp-acquirer-mock/src/main/scala/psp/acquirer/MockAcquirer.scala
2025.10.15 12:03:46 INFO  no build target found for /home/lvn/prg/scala/test/Exirom/psp_system/psp-acquirer-mock/src/main/scala/psp/acquirer/MockAcquirer.scala. Using presentation compiler with project's scala-library version: 2.13.16
2025.10.15 12:03:46 INFO  no build target found for /home/lvn/prg/scala/test/Exirom/psp_system/psp-acquirer-mock/src/main/scala/psp/acquirer/MockAcquirer.scala. Using presentation compiler with project's scala-library version: 2.13.16
2025.10.15 12:03:46 INFO  no build target found for /home/lvn/prg/scala/test/Exirom/psp_system/psp-acquirer-mock/src/main/scala/psp/acquirer/MockAcquirer.scala. Using presentation compiler with project's scala-library version: 2.13.16
2025.10.15 12:04:05 INFO  Disconnecting from Bloop session...
2025.10.15 12:04:05 INFO  Shut down connection with build server.
2025.10.15 12:04:05 INFO  Shut down connection with build server.
2025.10.15 12:04:05 INFO  [0m[31m[E][0m Caught java.lang.InterruptedException
2025.10.15 12:04:05 INFO  [0m[31m[E][0m Caught java.lang.InterruptedException
2025.10.15 12:04:05 INFO  [0m[31m[E][0m Caught java.lang.InterruptedException
2025.10.15 12:04:05 ERROR Bloop 'bsp' command exited with code 1. Something may be wrong with the current configuration.
Running the [1mclean[0m sub-command to clear the working directory and remove caches might help.
If the error persists, please report the issue as a bug and attach a log with increased verbosity by passing [1m-v -v -v[0m.
2025.10.15 12:04:05 INFO  [0m[31m[E][0m Caught java.lang.InterruptedException
2025.10.15 12:04:05 ERROR Bloop 'bsp' command exited with code 1. Something may be wrong with the current configuration.
Running the [1mclean[0m sub-command to clear the working directory and remove caches might help.
If the error persists, please report the issue as a bug and attach a log with increased verbosity by passing [1m-v -v -v[0m.
2025.10.15 12:04:05 ERROR Bloop 'bsp' command exited with code 1. Something may be wrong with the current configuration.
Running the [1mclean[0m sub-command to clear the working directory and remove caches might help.
If the error persists, please report the issue as a bug and attach a log with increased verbosity by passing [1m-v -v -v[0m.
2025.10.15 12:04:05 ERROR Bloop 'bsp' command exited with code 1. Something may be wrong with the current configuration.
Running the [1mclean[0m sub-command to clear the working directory and remove caches might help.
If the error persists, please report the issue as a bug and attach a log with increased verbosity by passing [1m-v -v -v[0m.
2025.10.15 12:04:05 INFO  No running Bloop server found, starting one.
2025.10.15 12:04:05 INFO  No running Bloop server found, starting one.
2025.10.15 12:04:05 INFO  Attempting to connect to the build server...
2025.10.15 12:04:05 INFO  No running Bloop server found, starting one.
2025.10.15 12:04:06 INFO  Starting compilation server
2025.10.15 12:04:06 INFO  Starting compilation server
2025.10.15 12:04:07 INFO  Starting compilation server
2025.10.15 12:04:07 INFO  tracing is disabled for protocol BSP, to enable tracing of incoming and outgoing JSON messages create an empty file at /home/lvn/prg/scala/test/Exirom/psp_system/project/.metals/bsp.trace.json or /home/lvn/.cache/metals/bsp.trace.json
2025.10.15 12:04:07 INFO  tracing is disabled for protocol BSP, to enable tracing of incoming and outgoing JSON messages create an empty file at /home/lvn/prg/scala/test/Exirom/psp_system/.metals/bsp.trace.json or /home/lvn/.cache/metals/bsp.trace.json
2025.10.15 12:04:07 INFO  tracing is disabled for protocol BSP, to enable tracing of incoming and outgoing JSON messages create an empty file at /home/lvn/prg/scala/test/Exirom/psp_system/.metals/bsp.trace.json or /home/lvn/.cache/metals/bsp.trace.json
2025.10.15 12:04:08 INFO  Attempting to connect to the build server...2025.10.15 12:04:08 INFO  Connected to Build server: Bloop v2.0.13

2025.10.15 12:04:08 INFO  Found a Bloop server running
2025.10.15 12:04:08 INFO  tracing is disabled for protocol BSP, to enable tracing of incoming and outgoing JSON messages create an empty file at /home/lvn/prg/scala/test/Exirom/psp_system/project/.metals/bsp.trace.json or /home/lvn/.cache/metals/bsp.trace.json
2025.10.15 12:04:07 INFO  time: Connected to build server in 3.14s
2025.10.15 12:04:08 INFO  Connected to Build server: Bloop v2.0.13
2025.10.15 12:04:08 INFO  time: Imported build in 0.18s
2025.10.15 12:04:13 INFO  time: indexed workspace in 4.44s
2025.10.15 12:04:13 INFO  time: indexed workspace in 4.96s
2025.10.15 12:04:13 WARN  no build target for: /home/lvn/prg/scala/test/Exirom/psp_system/psp-app/src/main/scala/psp/app/Main.scala
2025.10.15 12:04:13 WARN  no build target for: /home/lvn/prg/scala/test/Exirom/psp_system/psp-api/src/main/scala/psp/api/Api.scala
2025.10.15 12:04:13 WARN  no build target for: /home/lvn/prg/scala/test/Exirom/psp_system/psp-core/src/main/scala/psp/core/Algebras.scala
2025.10.15 12:04:13 WARN  no build target for: /home/lvn/prg/scala/test/Exirom/psp_system/psp-acquirer-mock/src/main/scala/psp/acquirer/MockAcquirer.scala
2025.10.15 12:04:14 INFO  no build target found for /home/lvn/prg/scala/test/Exirom/psp_system/psp-acquirer-mock/src/main/scala/psp/acquirer/MockAcquirer.scala. Using presentation compiler with project's scala-library version: 2.13.16
2025.10.15 12:04:14 INFO  no build target found for /home/lvn/prg/scala/test/Exirom/psp_system/psp-acquirer-mock/src/main/scala/psp/acquirer/MockAcquirer.scala. Using presentation compiler with project's scala-library version: 2.13.16
2025.10.15 12:04:35 INFO  running '/usr/bin/sbt -Dbloop.export-jar-classifiers=sources bloopInstall'
2025.10.15 12:04:37 INFO  [info] welcome to sbt 1.11.7 (Eclipse Adoptium Java 21.0.7)
2025.10.15 12:04:38 INFO  [info] loading settings for project psp_system-build-build from metals.sbt...
2025.10.15 12:04:38 INFO  [info] loading project definition from /home/lvn/prg/scala/test/Exirom/psp_system/project/project
2025.10.15 12:04:40 INFO  [info] loading settings for project psp_system-build from metals.sbt...
2025.10.15 12:04:40 INFO  [info] loading project definition from /home/lvn/prg/scala/test/Exirom/psp_system/project
2025.10.15 12:04:42 INFO  [success] Generated .bloop/psp_system-build.json
2025.10.15 12:04:42 INFO  [info] compiling 1 Scala source to /home/lvn/prg/scala/test/Exirom/psp_system/project/target/scala-2.12/sbt-1.0/classes ...
2025.10.15 12:04:47 INFO  [info] done compiling
2025.10.15 12:04:47 INFO  [success] Total time: 7 s, completed Oct 15, 2025, 12:04:47 PM
2025.10.15 12:04:52 INFO  [info] loading settings for project root from build.sbt...
2025.10.15 12:04:52 INFO  [info] set current project to PSP_System (in build file:/home/lvn/prg/scala/test/Exirom/psp_system/)
2025.10.15 12:04:54 INFO  [success] Generated .bloop/root-test.json
2025.10.15 12:04:54 INFO  [success] Generated .bloop/root.json
2025.10.15 12:04:54 INFO  [success] Generated .bloop/domain-test.json
2025.10.15 12:04:54 INFO  [success] Generated .bloop/domain.json
2025.10.15 12:04:57 INFO  [success] Generated .bloop/acquirerMock-test.json
2025.10.15 12:04:57 INFO  [success] Generated .bloop/storage.json
2025.10.15 12:04:57 INFO  [success] Generated .bloop/storage-test.json
2025.10.15 12:04:57 INFO  [success] Generated .bloop/acquirerMock.json
2025.10.15 12:04:58 INFO  [success] Generated .bloop/core.json
2025.10.15 12:04:58 INFO  [success] Generated .bloop/core-test.json
2025.10.15 12:04:59 INFO  no build target found for /home/lvn/prg/scala/test/Exirom/psp_system/psp-acquirer-mock/src/main/scala/psp/acquirer/MockAcquirer.scala. Using presentation compiler with project's scala-library version: 2.13.16
2025.10.15 12:05:00 INFO  no build target found for /home/lvn/prg/scala/test/Exirom/psp_system/psp-acquirer-mock/src/main/scala/psp/acquirer/MockAcquirer.scala. Using presentation compiler with project's scala-library version: 2.13.16
2025.10.15 12:05:00 INFO  [success] Generated .bloop/app-test.json
2025.10.15 12:05:00 INFO  [success] Generated .bloop/app.json
2025.10.15 12:05:00 INFO  [success] Generated .bloop/api-test.json
2025.10.15 12:05:00 INFO  [success] Generated .bloop/api.json
2025.10.15 12:05:00 INFO  [success] Total time: 8 s, completed Oct 15, 2025, 12:05:01 PM
2025.10.15 12:05:02 INFO  time: ran 'sbt bloopInstall' in 26s
2025.10.15 12:05:02 INFO  Disconnecting from Bloop session...
2025.10.15 12:05:02 INFO  Shut down connection with build server.
2025.10.15 12:05:02 INFO  Shut down connection with build server.
2025.10.15 12:05:02 INFO  Attempting to connect to the build server...
2025.10.15 12:05:02 INFO  Found a Bloop server running
2025.10.15 12:05:02 INFO  tracing is disabled for protocol BSP, to enable tracing of incoming and outgoing JSON messages create an empty file at /home/lvn/prg/scala/test/Exirom/psp_system/.metals/bsp.trace.json or /home/lvn/.cache/metals/bsp.trace.json
2025.10.15 12:05:02 INFO  Attempting to connect to the build server...
2025.10.15 12:05:02 INFO  Found a Bloop server running
2025.10.15 12:05:02 INFO  tracing is disabled for protocol BSP, to enable tracing of incoming and outgoing JSON messages create an empty file at /home/lvn/prg/scala/test/Exirom/psp_system/project/.metals/bsp.trace.json or /home/lvn/.cache/metals/bsp.trace.json
2025.10.15 12:05:02 INFO  time: Connected to build server in 0.24s
2025.10.15 12:05:02 INFO  Connected to Build server: Bloop v2.0.13
2025.10.15 12:05:02 INFO  time: Imported build in 0.11s
2025.10.15 12:05:15 INFO  time: indexed workspace in 13s
2025.10.15 12:05:16 INFO  compiling psp_system-build (1 scala source)
2025.10.15 12:05:16 INFO  compiling domain (1 scala source)
2025.10.15 12:05:22 INFO  time: compiled psp_system-build in 6.78s
2025.10.15 12:05:23 INFO  compiling core (4 scala sources)
2025.10.15 12:05:23 INFO  time: compiled domain in 7.84s
2025.10.15 12:05:26 INFO  compiling acquirermock (1 scala source)
2025.10.15 12:05:26 INFO  compiling storage (1 scala source)
2025.10.15 12:05:26 INFO  compiling api (1 scala source)
2025.10.15 12:05:26 INFO  time: compiled core in 2.73s
2025.10.15 12:05:27 INFO  time: compiled acquirerMock in 1.16s
2025.10.15 12:05:27 INFO  time: compiled storage in 1.56s
2025.10.15 12:05:34 INFO  compiling app (1 scala source)
2025.10.15 12:05:34 INFO  time: compiled api in 7.76s
2025.10.15 12:05:35 INFO  time: compiled app in 1.01s
2025.10.15 12:05:35 INFO  compiling root-test (1 scala source)
2025.10.15 12:05:35 INFO  time: compiled root-test in 0.11s
2025.10.15 12:06:08 INFO  compiling storage (1 scala source)
2025.10.15 12:06:10 INFO  time: compiled storage in 1.73s
2025.10.15 12:06:18 INFO  compiling storage (1 scala source)
2025.10.15 12:06:20 INFO  time: compiled storage in 1.27s
2025.10.15 12:06:29 INFO  compiling core (1 scala source)
2025.10.15 12:06:31 INFO  time: compiled core in 1.48s
Oct 15, 2025 12:06:34 PM org.eclipse.lsp4j.jsonrpc.RemoteEndpoint handleCancellation
WARNING: Unmatched cancel notification for request id 686
2025.10.15 12:06:38 INFO  compiling core (1 scala source)
2025.10.15 12:06:39 INFO  time: compiled core in 1.32s
2025.10.15 12:29:53 INFO  Shutting down server
2025.10.15 12:29:53 INFO  shutting down Metals
2025.10.15 12:29:53 INFO  Shut down connection with build server.
2025.10.15 12:29:53 INFO  Shut down connection with build server.
2025.10.15 12:29:53 INFO  Exiting server
2025.10.15 12:30:04 INFO  compiling domain (1 scala source)
2025.10.15 12:30:04 INFO  time: compiled domain in 0.2s
2025.10.15 12:30:06 INFO  time: compiled domain in 7ms
2025.10.15 12:30:06 INFO  compiling root-test (1 scala source)
2025.10.15 12:30:06 INFO  time: compiled root-test in 0.15s
Oct 15, 2025 12:30:19 PM org.eclipse.lsp4j.jsonrpc.RemoteEndpoint handleCancellation
WARNING: Unmatched cancel notification for request id 806
2025.10.15 12:31:13 INFO  compiling root-test (1 scala source)
2025.10.15 12:31:13 INFO  time: compiled root-test in 0.15s
2025.10.15 12:40:43 INFO  compiling core-test (1 scala source)
2025.10.15 12:40:43 INFO  file:///home/lvn/prg/scala/test/Exirom/psp_system/psp-core/src/test/scala/psp/core/ValidationSpec.scala:3:8: stale bloop error: object scalatest is not a member of package org
import org.scalatest.flatspec.AnyFlatSpec
       ^^^^^^^^^^^^^
2025.10.15 12:40:43 INFO  time: compiled core-test in 0.36s
2025.10.15 12:40:43 INFO  compiling core-test (1 scala source)
2025.10.15 12:40:43 INFO  time: compiled core-test in 0.26s
2025.10.15 12:40:50 INFO  compiling core-test (1 scala source)
2025.10.15 12:40:50 INFO  time: compiled core-test in 0.26s
2025.10.15 12:41:01 INFO  compiling core-test (2 scala sources)
2025.10.15 12:41:01 INFO  time: compiled core-test in 0.3s
2025.10.15 12:41:01 INFO  compiling core-test (2 scala sources)
2025.10.15 12:41:01 INFO  time: compiled core-test in 0.28s
2025.10.15 12:41:07 INFO  compiling core-test (2 scala sources)
2025.10.15 12:41:07 INFO  time: compiled core-test in 0.35s
2025.10.15 12:41:26 INFO  compiling acquirermock-test (1 scala source)
2025.10.15 12:41:26 INFO  time: compiled acquirerMock-test in 0.35s
2025.10.15 12:41:26 INFO  compiling acquirermock-test (1 scala source)
2025.10.15 12:41:26 INFO  time: compiled acquirerMock-test in 0.27s
2025.10.15 12:41:30 INFO  compiling acquirermock-test (1 scala source)
2025.10.15 12:41:30 INFO  time: compiled acquirerMock-test in 0.32s
2025.10.15 12:42:05 INFO  compiling storage-test (1 scala source)
2025.10.15 12:42:05 INFO  time: compiled storage-test in 0.42s
2025.10.15 12:42:05 INFO  compiling storage-test (1 scala source)
2025.10.15 12:42:05 INFO  time: compiled storage-test in 0.3s
2025.10.15 12:42:09 INFO  compiling storage-test (1 scala source)
2025.10.15 12:42:09 INFO  time: compiled storage-test in 0.33s
Oct 15, 2025 12:42:43 PM org.eclipse.lsp4j.jsonrpc.RemoteEndpoint handleCancellation
WARNING: Unmatched cancel notification for request id 997
2025.10.15 12:43:03 INFO  compiling core-test (3 scala sources)
2025.10.15 12:43:03 INFO  time: compiled core-test in 0.61s
2025.10.15 12:43:03 INFO  compiling core-test (3 scala sources)
2025.10.15 12:43:04 INFO  time: compiled core-test in 0.45s
Oct 15, 2025 12:43:08 PM org.eclipse.lsp4j.jsonrpc.RemoteEndpoint handleCancellation
WARNING: Unmatched cancel notification for request id 1056
2025.10.15 12:43:08 INFO  compiling core-test (3 scala sources)
2025.10.15 12:43:08 INFO  time: compiled core-test in 0.44s
2025.10.15 12:43:42 INFO  compiling api-test (1 scala source)
2025.10.15 12:43:44 INFO  time: compiled api-test in 1.45s
2025.10.15 12:43:44 INFO  compiling api-test (1 scala source)
2025.10.15 12:43:45 INFO  time: compiled api-test in 0.99s
Oct 15, 2025 12:43:48 PM org.eclipse.lsp4j.jsonrpc.RemoteEndpoint handleCancellation
WARNING: Unmatched cancel notification for request id 1114
2025.10.15 12:43:48 INFO  compiling api-test (1 scala source)
2025.10.15 12:43:49 INFO  time: compiled api-test in 1.12s
2025.10.15 12:43:59 INFO  compiling core-test (3 scala sources)
2025.10.15 12:43:59 INFO  time: compiled core-test in 0.35s
Oct 15, 2025 12:44:45 PM org.eclipse.lsp4j.jsonrpc.RemoteEndpoint handleCancellation
WARNING: Unmatched cancel notification for request id 1145
2025.10.15 12:44:45 INFO  compiling core-test (3 scala sources)
2025.10.15 12:44:45 INFO  time: compiled core-test in 0.37s
2025.10.15 12:44:48 INFO  compiling core-test (3 scala sources)
2025.10.15 12:44:48 INFO  time: compiled core-test in 0.44s
2025.10.15 12:45:12 INFO  compiling core-test (3 scala sources)
2025.10.15 12:45:12 INFO  time: compiled core-test in 0.28s
2025.10.15 12:45:16 INFO  compiling core-test (3 scala sources)
2025.10.15 12:45:16 INFO  time: compiled core-test in 0.31s
2025.10.15 12:45:45 INFO  compiling acquirermock-test (1 scala source)
2025.10.15 12:45:45 INFO  time: compiled acquirerMock-test in 0.16s
2025.10.15 12:45:50 INFO  compiling acquirermock-test (1 scala source)
2025.10.15 12:45:50 INFO  time: compiled acquirerMock-test in 0.22s
2025.10.15 12:46:25 INFO  compiling storage-test (1 scala source)
2025.10.15 12:46:25 INFO  time: compiled storage-test in 0.21s
2025.10.15 12:46:28 INFO  compiling storage-test (1 scala source)
2025.10.15 12:46:28 INFO  time: compiled storage-test in 0.24s
Oct 15, 2025 12:47:34 PM org.eclipse.lsp4j.jsonrpc.RemoteEndpoint handleCancellation
WARNING: Unmatched cancel notification for request id 1246
2025.10.15 12:47:34 WARN  Could not find semantic tokens for: file:///home/lvn/prg/scala/test/Exirom/psp_system/psp-core/src/test/scala/psp/core/PaymentServiceImplSpec.scala
2025.10.15 12:47:35 INFO  compiling core-test (3 scala sources)
2025.10.15 12:47:35 INFO  time: compiled core-test in 0.34s
Oct 15, 2025 12:48:15 PM org.eclipse.lsp4j.jsonrpc.RemoteEndpoint handleCancellation
WARNING: Unmatched cancel notification for request id 1251
Oct 15, 2025 12:48:15 PM org.eclipse.lsp4j.jsonrpc.RemoteEndpoint handleCancellation
WARNING: Unmatched cancel notification for request id 1249
Oct 15, 2025 12:48:15 PM org.eclipse.lsp4j.jsonrpc.RemoteEndpoint handleCancellation
WARNING: Unmatched cancel notification for request id 1254
Oct 15, 2025 12:48:15 PM org.eclipse.lsp4j.jsonrpc.RemoteEndpoint handleCancellation
WARNING: Unmatched cancel notification for request id 1248
Oct 15, 2025 12:48:15 PM org.eclipse.lsp4j.jsonrpc.RemoteEndpoint handleCancellation
WARNING: Unmatched cancel notification for request id 1245
Oct 15, 2025 12:48:15 PM org.eclipse.lsp4j.jsonrpc.RemoteEndpoint handleCancellation
WARNING: Unmatched cancel notification for request id 1253
Oct 15, 2025 12:48:15 PM org.eclipse.lsp4j.jsonrpc.RemoteEndpoint handleCancellation
WARNING: Unmatched cancel notification for request id 1260
2025.10.15 12:48:15 INFO  compiling api-test (1 scala source)
Oct 15, 2025 12:48:15 PM org.eclipse.lsp4j.jsonrpc.RemoteEndpoint handleCancellation
WARNING: Unmatched cancel notification for request id 1261
Oct 15, 2025 12:48:16 PM org.eclipse.lsp4j.jsonrpc.RemoteEndpoint handleCancellation
WARNING: Unmatched cancel notification for request id 1259
Oct 15, 2025 12:48:16 PM org.eclipse.lsp4j.jsonrpc.RemoteEndpoint handleCancellation
WARNING: Unmatched cancel notification for request id 1267
Oct 15, 2025 12:48:16 PM org.eclipse.lsp4j.jsonrpc.RemoteEndpoint handleCancellation
WARNING: Unmatched cancel notification for request id 1257
Oct 15, 2025 12:48:16 PM org.eclipse.lsp4j.jsonrpc.RemoteEndpoint handleCancellation
WARNING: Unmatched cancel notification for request id 1256
Oct 15, 2025 12:48:16 PM org.eclipse.lsp4j.jsonrpc.RemoteEndpoint handleCancellation
WARNING: Unmatched cancel notification for request id 1264
2025.10.15 12:48:18 INFO  time: compiled api-test in 2.77s
2025.10.15 12:48:18 INFO  compiling psp_system-build (1 scala source)
2025.10.15 12:48:22 INFO  time: compiled psp_system-build in 3.57s
2025.10.15 12:49:04 INFO  compiling psp_system-build (1 scala source)
2025.10.15 12:49:05 INFO  time: compiled psp_system-build in 1.48s
2025.10.15 12:49:35 INFO  compiling psp_system-build (1 scala source)
2025.10.15 12:49:36 INFO  time: compiled psp_system-build in 1.28s
2025.10.15 12:49:39 INFO  compiling acquirermock-test (1 scala source)
2025.10.15 12:49:39 INFO  time: compiled acquirerMock-test in 0.18s
2025.10.15 12:49:46 INFO  compiling acquirermock-test (1 scala source)
2025.10.15 12:49:46 INFO  time: compiled acquirerMock-test in 0.19s
2025.10.15 12:50:25 INFO  compiling acquirermock-test (1 scala source)
2025.10.15 12:50:25 INFO  time: compiled acquirerMock-test in 0.21s
2025.10.15 12:50:29 INFO  compiling acquirermock-test (1 scala source)
2025.10.15 12:50:29 INFO  time: compiled acquirerMock-test in 0.19s
2025.10.15 12:51:16 INFO  compiling storage-test (1 scala source)
2025.10.15 12:51:16 INFO  time: compiled storage-test in 0.27s
2025.10.15 12:51:24 INFO  compiling storage-test (1 scala source)
2025.10.15 12:51:24 INFO  time: compiled storage-test in 0.33s
2025.10.15 12:51:54 INFO  compiling core-test (3 scala sources)
2025.10.15 12:51:54 INFO  time: compiled core-test in 0.3s
Oct 15, 2025 12:52:00 PM org.eclipse.lsp4j.jsonrpc.RemoteEndpoint handleCancellation
WARNING: Unmatched cancel notification for request id 1376
2025.10.15 12:52:00 INFO  compiling core-test (3 scala sources)
2025.10.15 12:52:00 INFO  time: compiled core-test in 0.3s
2025.10.15 12:52:49 INFO  compiling api-test (1 scala source)
2025.10.15 12:52:49 INFO  time: compiled api-test in 0.89s
Oct 15, 2025 12:52:56 PM org.eclipse.lsp4j.jsonrpc.RemoteEndpoint handleCancellation
WARNING: Unmatched cancel notification for request id 1396
2025.10.15 12:52:56 INFO  compiling api-test (1 scala source)
2025.10.15 12:52:56 INFO  time: compiled api-test in 0.89s
2025.10.15 12:54:12 INFO  compiling core-test (3 scala sources)
Oct 15, 2025 12:54:12 PM org.eclipse.lsp4j.jsonrpc.RemoteEndpoint handleCancellation
WARNING: Unmatched cancel notification for request id 1430
Oct 15, 2025 12:54:12 PM org.eclipse.lsp4j.jsonrpc.RemoteEndpoint handleCancellation
WARNING: Unmatched cancel notification for request id 1432
Oct 15, 2025 12:54:12 PM org.eclipse.lsp4j.jsonrpc.RemoteEndpoint handleCancellation
WARNING: Unmatched cancel notification for request id 1434
Oct 15, 2025 12:54:12 PM org.eclipse.lsp4j.jsonrpc.RemoteEndpoint handleCancellation
WARNING: Unmatched cancel notification for request id 1431
Oct 15, 2025 12:54:12 PM org.eclipse.lsp4j.jsonrpc.RemoteEndpoint handleCancellation
WARNING: Unmatched cancel notification for request id 1438
2025.10.15 12:54:14 INFO  time: code lens generation in 1.69s
2025.10.15 12:54:14 INFO  time: compiled core-test in 2.58s
2025.10.15 12:54:14 INFO  compiling core-test (3 scala sources)
2025.10.15 12:54:14 INFO  time: compiled core-test in 0.85s
2025.10.15 12:54:36 INFO  compiling core-test (3 scala sources)
2025.10.15 12:54:36 INFO  time: compiled core-test in 0.37s
2025.10.15 12:55:16 INFO  compiling core-test (3 scala sources)
2025.10.15 12:55:16 INFO  time: compiled core-test in 0.46s
2025.10.15 12:55:24 INFO  compiling core-test (3 scala sources)
2025.10.15 12:55:24 INFO  time: compiled core-test in 0.27s
2025.10.15 12:55:32 INFO  compiling core-test (3 scala sources)
2025.10.15 12:55:32 INFO  time: compiled core-test in 0.25s
2025.10.15 12:55:44 INFO  compiling core-test (3 scala sources)
2025.10.15 12:55:44 INFO  time: compiled core-test in 0.22s
2025.10.15 12:57:01 INFO  compiling core-test (3 scala sources)
2025.10.15 12:57:01 INFO  time: compiled core-test in 0.26s
2025.10.15 12:58:04 INFO  compiling core-test (3 scala sources)
2025.10.15 12:58:04 INFO  time: compiled core-test in 0.28s
2025.10.15 12:58:09 INFO  compiling core-test (3 scala sources)
2025.10.15 12:58:09 INFO  time: compiled core-test in 0.21s
2025.10.15 12:58:09 INFO  compiling core-test (3 scala sources)
2025.10.15 12:58:09 INFO  time: compiled core-test in 0.27s
2025.10.15 12:58:25 INFO  compiling core-test (3 scala sources)
2025.10.15 12:58:25 INFO  time: compiled core-test in 0.18s
2025.10.15 12:58:30 INFO  compiling core-test (3 scala sources)
2025.10.15 12:58:30 INFO  time: compiled core-test in 0.19s
2025.10.15 12:58:32 INFO  compiling core-test (3 scala sources)
2025.10.15 12:58:32 INFO  time: compiled core-test in 0.24s
2025.10.15 12:59:30 INFO  compiling core-test (3 scala sources)
2025.10.15 12:59:30 INFO  time: compiled core-test in 0.22s
2025.10.15 13:00:18 INFO  compiling acquirermock-test (1 scala source)
2025.10.15 13:00:18 INFO  time: compiled acquirerMock-test in 0.14s
2025.10.15 13:00:23 INFO  compiling storage-test (1 scala source)
2025.10.15 13:00:23 INFO  time: compiled storage-test in 0.17s
Oct 15, 2025 1:03:51 PM org.eclipse.lsp4j.jsonrpc.RemoteEndpoint handleCancellation
WARNING: Unmatched cancel notification for request id 1707
2025.10.15 13:05:35 INFO  compiling api-test (1 scala source)
2025.10.15 13:05:35 INFO  time: compiled api-test in 0.91s
2025.10.15 13:06:30 INFO  compiling api-test (1 scala source)
2025.10.15 13:06:31 INFO  time: compiled api-test in 1.01s
2025.10.15 13:06:34 INFO  compiling api-test (1 scala source)
2025.10.15 13:06:35 INFO  time: compiled api-test in 1.01s
2025.10.15 13:06:53 INFO  compiling psp_system-build (1 scala source)
2025.10.15 13:06:56 INFO  time: compiled psp_system-build in 2.12s
2025.10.15 13:06:59 INFO  compiling psp_system-build (1 scala source)
2025.10.15 13:07:00 INFO  time: compiled psp_system-build in 1.55s
2025.10.15 13:07:05 INFO  compiling api-test (1 scala source)
2025.10.15 13:07:05 INFO  time: compiled api-test in 0.87s
2025.10.15 13:08:07 INFO  compiling api-test (1 scala source)
2025.10.15 13:08:08 INFO  time: compiled api-test in 1.14s
2025.10.15 13:08:16 INFO  compiling api-test (1 scala source)
2025.10.15 13:08:17 INFO  time: compiled api-test in 1.05s
2025.10.15 13:10:12 INFO  running '/usr/bin/sbt -Dbloop.export-jar-classifiers=sources bloopInstall'
2025.10.15 13:10:13 INFO  [info] welcome to sbt 1.11.7 (Eclipse Adoptium Java 21.0.7)
2025.10.15 13:10:13 INFO  [info] loading settings for project psp_system-build-build from metals.sbt...
2025.10.15 13:10:15 INFO  [info] loading project definition from /home/lvn/prg/scala/test/Exirom/psp_system/project/project
2025.10.15 13:10:15 INFO  [info] loading settings for project psp_system-build from metals.sbt...
2025.10.15 13:10:16 INFO  [info] loading project definition from /home/lvn/prg/scala/test/Exirom/psp_system/project
2025.10.15 13:10:18 INFO  [success] Generated .bloop/psp_system-build.json
2025.10.15 13:10:18 INFO  [info] compiling 1 Scala source to /home/lvn/prg/scala/test/Exirom/psp_system/project/target/scala-2.12/sbt-1.0/classes ...
2025.10.15 13:10:23 INFO  [info] done compiling
2025.10.15 13:10:23 INFO  [success] Total time: 7 s, completed Oct 15, 2025, 1:10:23 PM
2025.10.15 13:10:28 INFO  [info] loading settings for project root from build.sbt...
2025.10.15 13:10:28 INFO  [info] set current project to PSP_System (in build file:/home/lvn/prg/scala/test/Exirom/psp_system/)
2025.10.15 13:10:30 INFO  [success] Generated .bloop/root-test.json
2025.10.15 13:10:30 INFO  [success] Generated .bloop/root.json
2025.10.15 13:10:30 INFO  [success] Generated .bloop/domain-test.json
2025.10.15 13:10:30 INFO  [success] Generated .bloop/domain.json
2025.10.15 13:10:31 INFO  [success] Generated .bloop/core.json
2025.10.15 13:10:31 INFO  [success] Generated .bloop/core-test.json
2025.10.15 13:10:31 INFO  [success] Generated .bloop/storage.json
2025.10.15 13:10:31 INFO  [success] Generated .bloop/storage-test.json
2025.10.15 13:10:31 INFO  [success] Generated .bloop/acquirerMock-test.json
2025.10.15 13:10:31 INFO  [success] Generated .bloop/acquirerMock.json
2025.10.15 13:10:33 INFO  [success] Generated .bloop/api-test.json
2025.10.15 13:10:33 INFO  [success] Generated .bloop/api.json
2025.10.15 13:10:33 INFO  [success] Generated .bloop/app.json
2025.10.15 13:10:33 INFO  [success] Generated .bloop/app-test.json
2025.10.15 13:10:33 INFO  [success] Total time: 5 s, completed Oct 15, 2025, 1:10:34 PM
2025.10.15 13:10:34 INFO  time: ran 'sbt bloopInstall' in 22s
2025.10.15 13:10:34 INFO  Disconnecting from Bloop session...
2025.10.15 13:10:34 INFO  Shut down connection with build server.
2025.10.15 13:10:34 INFO  Shut down connection with build server.
2025.10.15 13:10:34 INFO  Attempting to connect to the build server...
2025.10.15 13:10:34 INFO  Found a Bloop server running
2025.10.15 13:10:34 INFO  tracing is disabled for protocol BSP, to enable tracing of incoming and outgoing JSON messages create an empty file at /home/lvn/prg/scala/test/Exirom/psp_system/.metals/bsp.trace.json or /home/lvn/.cache/metals/bsp.trace.json
2025.10.15 13:10:34 INFO  Attempting to connect to the build server...
2025.10.15 13:10:34 INFO  Found a Bloop server running
2025.10.15 13:10:34 INFO  tracing is disabled for protocol BSP, to enable tracing of incoming and outgoing JSON messages create an empty file at /home/lvn/prg/scala/test/Exirom/psp_system/project/.metals/bsp.trace.json or /home/lvn/.cache/metals/bsp.trace.json
2025.10.15 13:10:35 INFO  time: Connected to build server in 0.25s
2025.10.15 13:10:35 INFO  Connected to Build server: Bloop v2.0.13
Oct 15, 2025 1:10:36 PM scala.meta.internal.pc.CompilerAccess retryWithCleanCompiler
INFO: compiler crashed due to an error in the Scala compiler, retrying with new compiler instance.
2025.10.15 13:10:37 INFO  Created report: Optional[file:///home/lvn/prg/scala/test/Exirom/psp_system/psp-api/src/test/scala/psp/api/EndpointsSpec.scala]
2025.10.15 13:10:37 INFO  java.lang.AssertionError: assertion failed: (List(),0) (full report at: "/home/lvn/prg/scala/test/Exirom/psp_system/.metals/.reports/metals-full/2025-10-15/r_compiler-error_(api-test)_13-10-37-018.md")
2025.10.15 13:10:40 INFO  time: indexed workspace in 5.45s
2025.10.15 13:10:40 INFO  compiling psp_system-build (1 scala source)
Oct 15, 2025 1:10:40 PM scala.meta.internal.pc.CompilerAccess retryWithCleanCompiler
INFO: compiler crashed due to an error in the Scala compiler, retrying with new compiler instance.
Oct 15, 2025 1:10:40 PM scala.meta.internal.pc.CompilerAccess retryWithCleanCompiler
INFO: compiler crashed due to an error in the Scala compiler, retrying with new compiler instance.
2025.10.15 13:10:40 INFO  compiling core-test (3 scala sources)
Oct 15, 2025 1:10:40 PM scala.meta.internal.pc.CompilerAccess retryWithCleanCompiler
INFO: compiler crashed due to an error in the Scala compiler, retrying with new compiler instance.
Oct 15, 2025 1:10:40 PM scala.meta.internal.pc.CompilerAccess retryWithCleanCompiler
INFO: compiler crashed due to an error in the Scala compiler, retrying with new compiler instance.
2025.10.15 13:10:40 INFO  Created report: Optional[file:///home/lvn/prg/scala/test/Exirom/psp_system/Main.scala]Oct 15, 2025 1:10:40 PM scala.meta.internal.pc.CompilerAccess retryWithCleanCompiler
INFO: compiler crashed due to an error in the Scala compiler, retrying with new compiler instance.

2025.10.15 13:10:40 INFO  Created report: Optional[file:///home/lvn/prg/scala/test/Exirom/psp_system/Main.scala]
2025.10.15 13:10:40 INFO  compiling storage-test (1 scala source)
2025.10.15 13:10:40 INFO  compiling acquirermock-test (1 scala source)
2025.10.15 13:10:40 INFO  java.lang.AssertionError: assertion failed: (List(Stamp(2025-01-10T18:20:44Z,5926340,(dev=801,ino=58999577))),0) (full report at: "/home/lvn/prg/scala/test/Exirom/psp_system/.metals/.reports/metals-full/2025-10-15/r_compiler-error_13-10-40-769.md")
2025.10.15 13:10:40 INFO  java.lang.AssertionError: assertion failed: (List(Stamp(2024-05-28T18:00:50Z,6196457,(dev=801,ino=6554690))),0) (full report at: "/home/lvn/prg/scala/test/Exirom/psp_system/.metals/.reports/metals-full/2025-10-15/r_compiler-error_13-10-40-773.md")
2025.10.15 13:10:40 INFO  Created report: Optional[file:///home/lvn/prg/scala/test/Exirom/psp_system/Main.scala]
2025.10.15 13:10:40 INFO  java.lang.AssertionError: assertion failed: (List(Stamp(2024-05-28T18:01:00Z,3578701,(dev=801,ino=6554683))),0) (full report at: "/home/lvn/prg/scala/test/Exirom/psp_system/.metals/.reports/metals-full/2025-10-15/r_compiler-error_13-10-40-803.md")
2025.10.15 13:10:40 INFO  compiling api (1 scala source)
2025.10.15 13:10:45 INFO  time: compiled acquirerMock-test in 4.48s
2025.10.15 13:10:45 INFO  time: compiled storage-test in 4.71s
2025.10.15 13:10:45 INFO  time: compiled core-test in 5.23s
2025.10.15 13:10:46 INFO  time: compiled psp_system-build in 5.72s
2025.10.15 13:10:47 INFO  compiling api-test (1 scala source)
2025.10.15 13:10:47 INFO  time: compiled api in 6.02s
2025.10.15 13:10:47 INFO  compiling app (1 scala source)
2025.10.15 13:10:48 INFO  time: compiled app in 1.31s
2025.10.15 13:10:50 INFO  time: compiled api-test in 2.73s
2025.10.15 13:12:53 INFO  Shutting down server
2025.10.15 13:12:53 INFO  shutting down Metals
2025.10.15 13:12:53 INFO  Shut down connection with build server.
2025.10.15 13:12:53 INFO  Shut down connection with build server.
2025.10.15 13:12:53 INFO  Exiting server
2025.10.15 13:14:06 INFO  Started: Metals version 1.6.2 in folders '/home/lvn/prg/scala/test/Exirom/psp_system' for client Cursor 1.99.3.
2025.10.15 13:14:07 INFO  no build target found for /home/lvn/prg/scala/test/Exirom/psp_system/psp-core/src/test/scala/psp/core/PaymentServiceImplSpec.scala. Using presentation compiler with project's scala-library version: 3.3.6
2025.10.15 13:14:07 INFO  Attempting to connect to the build server...
2025.10.15 13:14:07 INFO  Found a Bloop server running
2025.10.15 13:14:07 INFO  tracing is disabled for protocol BSP, to enable tracing of incoming and outgoing JSON messages create an empty file at /home/lvn/prg/scala/test/Exirom/psp_system/.metals/bsp.trace.json or /home/lvn/.cache/metals/bsp.trace.json
2025.10.15 13:14:07 INFO  Attempting to connect to the build server...
2025.10.15 13:14:07 INFO  Found a Bloop server running
2025.10.15 13:14:07 INFO  tracing is disabled for protocol BSP, to enable tracing of incoming and outgoing JSON messages create an empty file at /home/lvn/prg/scala/test/Exirom/psp_system/project/.metals/bsp.trace.json or /home/lvn/.cache/metals/bsp.trace.json
2025.10.15 13:14:08 INFO  time: Connected to build server in 0.51s
2025.10.15 13:14:07 INFO  Connected to Build server: Bloop v2.0.13
2025.10.15 13:14:08 INFO  time: Imported build in 0.34s
2025.10.15 13:14:15 INFO  time: indexed workspace in 6.67s
2025.10.15 13:14:15 INFO  compiling psp_system-build (1 scala source)
2025.10.15 13:14:23 INFO  time: compiled psp_system-build in 7.05s
2025.10.15 14:10:11 INFO  no build target found for /home/lvn/prg/scala/test/Exirom/psp_system/project/plugins.sbt. Using presentation compiler with project's scala-library version: 2.13.16
2025.10.15 14:10:11 INFO  no build target found for /home/lvn/prg/scala/test/Exirom/psp_system/project/plugins.sbt. Using presentation compiler with project's scala-library version: 2.13.16
2025.10.15 14:10:11 WARN  no build target for: /home/lvn/prg/scala/test/Exirom/psp_system/project/plugins.sbt
2025.10.15 14:10:12 INFO  no build target found for /home/lvn/prg/scala/test/Exirom/psp_system/project/plugins.sbt. Using presentation compiler with project's scala-library version: 2.13.16
2025.10.15 14:10:12 WARN  no build target for: /home/lvn/prg/scala/test/Exirom/psp_system/project/plugins.sbt
2025.10.15 14:10:12 WARN  no build target for: /home/lvn/prg/scala/test/Exirom/psp_system/project/plugins.sbt
2025.10.15 14:10:12 INFO  no build target found for /home/lvn/prg/scala/test/Exirom/psp_system/project/plugins.sbt. Using presentation compiler with project's scala-library version: 2.13.16
2025.10.15 14:10:12 WARN  no build target for: /home/lvn/prg/scala/test/Exirom/psp_system/project/plugins.sbt
2025.10.15 14:10:15 INFO  running '/usr/bin/sbt -Dbloop.export-jar-classifiers=sources bloopInstall'
2025.10.15 14:10:19 WARN  no build target for: /home/lvn/prg/scala/test/Exirom/psp_system/project/plugins.sbt
2025.10.15 14:10:20 INFO  no build target found for /home/lvn/prg/scala/test/Exirom/psp_system/project/plugins.sbt. Using presentation compiler with project's scala-library version: 2.13.16
2025.10.15 14:10:21 INFO  no build target found for /home/lvn/prg/scala/test/Exirom/psp_system/project/plugins.sbt. Using presentation compiler with project's scala-library version: 2.13.16
2025.10.15 14:10:21 INFO  no build target found for /home/lvn/prg/scala/test/Exirom/psp_system/project/plugins.sbt. Using presentation compiler with project's scala-library version: 2.13.16
2025.10.15 14:10:22 INFO  [info] welcome to sbt 1.11.7 (Eclipse Adoptium Java 21.0.7)
2025.10.15 14:10:23 INFO  no build target found for /home/lvn/prg/scala/test/Exirom/psp_system/project/plugins.sbt. Using presentation compiler with project's scala-library version: 2.13.16
2025.10.15 14:10:23 INFO  no build target found for /home/lvn/prg/scala/test/Exirom/psp_system/project/plugins.sbt. Using presentation compiler with project's scala-library version: 2.13.16
2025.10.15 14:10:23 INFO  no build target found for /home/lvn/prg/scala/test/Exirom/psp_system/project/plugins.sbt. Using presentation compiler with project's scala-library version: 2.13.16
2025.10.15 14:10:23 WARN  no build target for: /home/lvn/prg/scala/test/Exirom/psp_system/project/plugins.sbt
2025.10.15 14:10:23 INFO  no build target found for /home/lvn/prg/scala/test/Exirom/psp_system/project/plugins.sbt. Using presentation compiler with project's scala-library version: 2.13.16
2025.10.15 14:10:31 INFO  [info] loading settings for project psp_system-build-build-build from metals.sbt...
2025.10.15 14:10:33 INFO  [info] loading project definition from /home/lvn/prg/scala/test/Exirom/psp_system/project/project/project
2025.10.15 14:10:37 INFO  [info] loading settings for project psp_system-build-build from metals.sbt...
2025.10.15 14:10:37 INFO  [info] loading project definition from /home/lvn/prg/scala/test/Exirom/psp_system/project/project
2025.10.15 14:10:41 INFO  [success] Generated .bloop/psp_system-build-build.json
2025.10.15 14:10:41 INFO  [success] Total time: 4 s, completed Oct 15, 2025, 2:10:41 PM
2025.10.15 14:10:42 INFO  [info] loading settings for project psp_system-build from metals.sbt...
2025.10.15 14:10:42 INFO  [info] loading project definition from /home/lvn/prg/scala/test/Exirom/psp_system/project
2025.10.15 14:10:43 INFO  [success] Generated .bloop/psp_system-build.json
2025.10.15 14:10:43 INFO  [info] compiling 1 Scala source to /home/lvn/prg/scala/test/Exirom/psp_system/project/target/scala-2.12/sbt-1.0/classes ...
2025.10.15 14:10:49 INFO  [info] done compiling
2025.10.15 14:10:49 INFO  [success] Total time: 7 s, completed Oct 15, 2025, 2:10:49 PM
2025.10.15 14:10:51 ERROR /home/lvn/prg/scala/test/Exirom/psp_system/build.sbt:61: error: not found: value assembly
2025.10.15 14:10:51 ERROR     assembly / mainClass := Some("psp.app.Main"),
2025.10.15 14:10:51 ERROR     ^
2025.10.15 14:10:51 ERROR /home/lvn/prg/scala/test/Exirom/psp_system/build.sbt:62: error: not found: value assembly
2025.10.15 14:10:51 ERROR     assembly / assemblyJarName := s"${name.value}-assembly-${version.value}.jar"
2025.10.15 14:10:51 ERROR     ^
2025.10.15 14:10:51 ERROR /home/lvn/prg/scala/test/Exirom/psp_system/build.sbt:62: error: not found: value assemblyJarName
2025.10.15 14:10:51 ERROR     assembly / assemblyJarName := s"${name.value}-assembly-${version.value}.jar"
2025.10.15 14:10:51 ERROR                ^
2025.10.15 14:10:51 ERROR sbt.compiler.EvalException: Type error in expression
2025.10.15 14:10:51 INFO  [error] sbt.compiler.EvalException: Type error in expression
2025.10.15 14:10:51 INFO  [error] Use 'last' for the full log.
2025.10.15 14:10:51 INFO  [warn] Project loading failed: (r)etry, (q)uit, (l)ast, or (i)gnore? (default: r)
2025.10.15 14:10:51 INFO  time: ran 'sbt bloopInstall' in 36s
2025.10.15 14:10:51 ERROR sbt command failed: /usr/bin/sbt -Dbloop.export-jar-classifiers=sources bloopInstall
2025.10.15 14:10:51 INFO  Disconnecting from Bloop session...
2025.10.15 14:10:51 INFO  Shut down connection with build server.
2025.10.15 14:10:51 INFO  Shut down connection with build server.
2025.10.15 14:10:51 INFO  Attempting to connect to the build server...
2025.10.15 14:10:51 INFO  Found a Bloop server running
2025.10.15 14:10:51 INFO  tracing is disabled for protocol BSP, to enable tracing of incoming and outgoing JSON messages create an empty file at /home/lvn/prg/scala/test/Exirom/psp_system/.metals/bsp.trace.json or /home/lvn/.cache/metals/bsp.trace.json
2025.10.15 14:10:52 INFO  Attempting to connect to the build server...
2025.10.15 14:10:52 INFO  Found a Bloop server running
2025.10.15 14:10:52 INFO  Attempting to connect to the build server...
2025.10.15 14:10:52 INFO  Found a Bloop server running
2025.10.15 14:10:51 INFO  tracing is disabled for protocol BSP, to enable tracing of incoming and outgoing JSON messages create an empty file at /home/lvn/prg/scala/test/Exirom/psp_system/project/project/.metals/bsp.trace.json or /home/lvn/.cache/metals/bsp.trace.json
2025.10.15 14:10:52 INFO  tracing is disabled for protocol BSP, to enable tracing of incoming and outgoing JSON messages create an empty file at /home/lvn/prg/scala/test/Exirom/psp_system/project/.metals/bsp.trace.json or /home/lvn/.cache/metals/bsp.trace.json
2025.10.15 14:10:51 INFO  time: Connected to build server in 0.32s
2025.10.15 14:10:52 INFO  Connected to Build server: Bloop v2.0.13
2025.10.15 14:10:52 INFO  time: Imported build in 0.26s
2025.10.15 14:10:58 INFO  time: indexed workspace in 5.51s
2025.10.15 14:10:58 INFO  compiling psp_system-build (1 scala source)
Oct 15, 2025 2:10:58 PM scala.meta.internal.pc.CompilerAccess retryWithCleanCompiler
INFO: compiler crashed due to an error in the Scala compiler, retrying with new compiler instance.
2025.10.15 14:10:58 INFO  Created report: Optional[file:///home/lvn/prg/scala/test/Exirom/psp_system/Main.scala]
2025.10.15 14:10:58 INFO  java.lang.AssertionError: assertion failed: (List(Stamp(2024-03-05T22:35:58Z,513508,(dev=801,ino=6555836))),0) (full report at: "/home/lvn/prg/scala/test/Exirom/psp_system/.metals/.reports/metals-full/2025-10-15/r_compiler-error_14-10-58-419.md")
Oct 15, 2025 2:10:58 PM scala.meta.internal.pc.CompilerAccess retryWithCleanCompiler
INFO: compiler crashed due to an error in the Scala compiler, retrying with new compiler instance.
2025.10.15 14:11:02 INFO  time: compiled psp_system-build in 4.39s
2025.10.15 14:11:02 INFO  skipping build import with status 'Installed'
2025.10.15 14:12:01 INFO  compiling psp_system-build (1 scala source)
2025.10.15 14:12:05 INFO  time: compiled psp_system-build in 3.31s
2025.10.15 14:12:08 INFO  running '/usr/bin/sbt -Dbloop.export-jar-classifiers=sources bloopInstall'
2025.10.15 14:12:12 INFO  [info] welcome to sbt 1.11.7 (Eclipse Adoptium Java 21.0.7)
2025.10.15 14:12:14 INFO  [info] loading settings for project psp_system-build-build-build from metals.sbt...
2025.10.15 14:12:16 INFO  [info] loading project definition from /home/lvn/prg/scala/test/Exirom/psp_system/project/project/project
2025.10.15 14:12:17 INFO  [info] loading settings for project psp_system-build-build from metals.sbt...
2025.10.15 14:12:17 INFO  [info] loading project definition from /home/lvn/prg/scala/test/Exirom/psp_system/project/project
2025.10.15 14:12:22 INFO  [success] Generated .bloop/psp_system-build-build.json
2025.10.15 14:12:22 INFO  [success] Total time: 5 s, completed Oct 15, 2025, 2:12:22 PM
2025.10.15 14:12:22 INFO  [info] loading settings for project psp_system-build from metals.sbt...
2025.10.15 14:12:23 INFO  [info] loading project definition from /home/lvn/prg/scala/test/Exirom/psp_system/project
2025.10.15 14:12:26 INFO  [success] Generated .bloop/psp_system-build.json
2025.10.15 14:12:26 INFO  [info] compiling 1 Scala source to /home/lvn/prg/scala/test/Exirom/psp_system/project/target/scala-2.12/sbt-1.0/classes ...
2025.10.15 14:12:35 INFO  [info] done compiling
2025.10.15 14:12:35 INFO  [success] Total time: 12 s, completed Oct 15, 2025, 2:12:35 PM
2025.10.15 14:12:40 ERROR /home/lvn/prg/scala/test/Exirom/psp_system/build.sbt:57: error: not found: value AssemblyPlugin
2025.10.15 14:12:40 ERROR   .enablePlugins(AssemblyPlugin)
2025.10.15 14:12:40 ERROR                  ^
2025.10.15 14:12:40 ERROR /home/lvn/prg/scala/test/Exirom/psp_system/build.sbt:62: error: not found: value assembly
2025.10.15 14:12:40 ERROR     assembly / mainClass := Some("psp.app.Main"),
2025.10.15 14:12:40 ERROR     ^
2025.10.15 14:12:40 ERROR /home/lvn/prg/scala/test/Exirom/psp_system/build.sbt:63: error: not found: value assembly
2025.10.15 14:12:40 ERROR     assembly / assemblyJarName := s"${name.value}-assembly-${version.value}.jar"
2025.10.15 14:12:40 ERROR     ^
2025.10.15 14:12:40 ERROR /home/lvn/prg/scala/test/Exirom/psp_system/build.sbt:63: error: not found: value assemblyJarName
2025.10.15 14:12:40 ERROR     assembly / assemblyJarName := s"${name.value}-assembly-${version.value}.jar"
2025.10.15 14:12:40 ERROR                ^
2025.10.15 14:12:40 ERROR sbt.compiler.EvalException: Type error in expression
2025.10.15 14:12:40 INFO  [error] sbt.compiler.EvalException: Type error in expression
2025.10.15 14:12:40 INFO  [error] Use 'last' for the full log.
2025.10.15 14:12:40 INFO  [warn] Project loading failed: (r)etry, (q)uit, (l)ast, or (i)gnore? (default: r)
2025.10.15 14:12:40 INFO  time: ran 'sbt bloopInstall' in 31s
2025.10.15 14:12:40 ERROR sbt command failed: /usr/bin/sbt -Dbloop.export-jar-classifiers=sources bloopInstall
2025.10.15 14:12:40 INFO  Disconnecting from Bloop session...
2025.10.15 14:12:40 INFO  Shut down connection with build server.
2025.10.15 14:12:40 INFO  Shut down connection with build server.
2025.10.15 14:12:40 INFO  Shut down connection with build server.
2025.10.15 14:12:40 INFO  Attempting to connect to the build server...
2025.10.15 14:12:40 INFO  Found a Bloop server running
2025.10.15 14:12:40 INFO  tracing is disabled for protocol BSP, to enable tracing of incoming and outgoing JSON messages create an empty file at /home/lvn/prg/scala/test/Exirom/psp_system/.metals/bsp.trace.json or /home/lvn/.cache/metals/bsp.trace.json
2025.10.15 14:12:40 INFO  Attempting to connect to the build server...
2025.10.15 14:12:40 INFO  Found a Bloop server running
2025.10.15 14:12:40 INFO  Attempting to connect to the build server...
2025.10.15 14:12:40 INFO  Found a Bloop server running
2025.10.15 14:12:40 INFO  tracing is disabled for protocol BSP, to enable tracing of incoming and outgoing JSON messages create an empty file at /home/lvn/prg/scala/test/Exirom/psp_system/project/project/.metals/bsp.trace.json or /home/lvn/.cache/metals/bsp.trace.json
2025.10.15 14:12:40 INFO  tracing is disabled for protocol BSP, to enable tracing of incoming and outgoing JSON messages create an empty file at /home/lvn/prg/scala/test/Exirom/psp_system/project/.metals/bsp.trace.json or /home/lvn/.cache/metals/bsp.trace.json
2025.10.15 14:12:40 INFO  time: Connected to build server in 0.24s
2025.10.15 14:12:40 INFO  Connected to Build server: Bloop v2.0.13
2025.10.15 14:12:40 INFO  time: Imported build in 0.13s
2025.10.15 14:12:47 INFO  time: indexed workspace in 6.53s
2025.10.15 14:12:47 WARN  no build target for: /home/lvn/prg/scala/test/Exirom/psp_system/build.sbt
2025.10.15 14:12:48 INFO  skipping build import with status 'Installed'
2025.10.15 14:12:48 INFO  no build target found for /home/lvn/prg/scala/test/Exirom/psp_system/build.sbt. Using presentation compiler with project's scala-library version: 2.13.16
2025.10.15 14:12:49 INFO  time: code lens generation in 1.76s
2025.10.15 14:13:16 INFO  no build target found for /home/lvn/prg/scala/test/Exirom/psp_system/build.sbt. Using presentation compiler with project's scala-library version: 2.13.16
2025.10.15 14:13:16 INFO  no build target found for /home/lvn/prg/scala/test/Exirom/psp_system/build.sbt. Using presentation compiler with project's scala-library version: 2.13.16
2025.10.15 14:13:16 WARN  no build target for: /home/lvn/prg/scala/test/Exirom/psp_system/build.sbt
2025.10.15 14:13:16 INFO  no build target found for /home/lvn/prg/scala/test/Exirom/psp_system/build.sbt. Using presentation compiler with project's scala-library version: 2.13.16
2025.10.15 14:13:19 WARN  no build target for: /home/lvn/prg/scala/test/Exirom/psp_system/build.sbt
2025.10.15 14:14:08 INFO  Started: Metals version 1.6.2 in folders '/home/lvn/prg/scala/test/Exirom/psp_system' for client Cursor 1.99.3.
2025.10.15 14:14:09 INFO  Attempting to connect to the build server...
2025.10.15 14:14:09 INFO  No running Bloop server found, starting one.
2025.10.15 14:14:12 INFO  Starting compilation server
2025.10.15 14:14:15 INFO  tracing is disabled for protocol BSP, to enable tracing of incoming and outgoing JSON messages create an empty file at /home/lvn/prg/scala/test/Exirom/psp_system/.metals/bsp.trace.json or /home/lvn/.cache/metals/bsp.trace.json
2025.10.15 14:14:16 INFO  Attempting to connect to the build server...
2025.10.15 14:14:16 INFO  Found a Bloop server running
2025.10.15 14:14:16 INFO  Attempting to connect to the build server...
2025.10.15 14:14:16 INFO  Found a Bloop server running
2025.10.15 14:14:16 INFO  tracing is disabled for protocol BSP, to enable tracing of incoming and outgoing JSON messages create an empty file at /home/lvn/prg/scala/test/Exirom/psp_system/project/project/.metals/bsp.trace.json or /home/lvn/.cache/metals/bsp.trace.json
2025.10.15 14:14:16 INFO  tracing is disabled for protocol BSP, to enable tracing of incoming and outgoing JSON messages create an empty file at /home/lvn/prg/scala/test/Exirom/psp_system/project/.metals/bsp.trace.json or /home/lvn/.cache/metals/bsp.trace.json
2025.10.15 14:14:16 INFO  time: Connected to build server in 7.46s
2025.10.15 14:14:16 INFO  Connected to Build server: Bloop v2.0.13
2025.10.15 14:14:17 INFO  time: Imported build in 0.53s
2025.10.15 14:14:24 INFO  time: indexed workspace in 7.33s
2025.10.15 14:41:14 INFO  skipping build import with status 'Installed'
2025.10.15 14:43:47 INFO  Shutting down server
2025.10.15 14:43:47 INFO  shutting down Metals
2025.10.15 14:43:47 INFO  Shut down connection with build server.
2025.10.15 14:43:47 INFO  Shut down connection with build server.
2025.10.15 14:43:47 INFO  Shut down connection with build server.
2025.10.15 14:43:47 INFO  Exiting server
2025.10.15 16:53:38 INFO  Started: Metals version 1.6.2 in folders '/home/lvn/prg/scala/test/Exirom/psp_system' for client Cursor 1.99.3.
2025.10.15 16:53:42 INFO  Attempting to connect to the build server...
2025.10.15 16:53:42 INFO  Found a Bloop server running
2025.10.15 16:53:42 INFO  tracing is disabled for protocol BSP, to enable tracing of incoming and outgoing JSON messages create an empty file at /home/lvn/prg/scala/test/Exirom/psp_system/.metals/bsp.trace.json or /home/lvn/.cache/metals/bsp.trace.json
2025.10.15 16:53:42 INFO  Attempting to connect to the build server...
2025.10.15 16:53:42 INFO  Found a Bloop server running
2025.10.15 16:53:42 INFO  Attempting to connect to the build server...
2025.10.15 16:53:42 INFO  Found a Bloop server running
2025.10.15 16:53:42 INFO  tracing is disabled for protocol BSP, to enable tracing of incoming and outgoing JSON messages create an empty file at /home/lvn/prg/scala/test/Exirom/psp_system/project/project/.metals/bsp.trace.json or /home/lvn/.cache/metals/bsp.trace.json
2025.10.15 16:53:43 INFO  tracing is disabled for protocol BSP, to enable tracing of incoming and outgoing JSON messages create an empty file at /home/lvn/prg/scala/test/Exirom/psp_system/project/.metals/bsp.trace.json or /home/lvn/.cache/metals/bsp.trace.json
2025.10.15 16:53:43 INFO  time: Connected to build server in 0.39s
2025.10.15 16:53:42 INFO  Connected to Build server: Bloop v2.0.13
2025.10.15 16:53:43 INFO  time: Imported build in 0.23s
2025.10.15 16:53:51 INFO  time: indexed workspace in 8.2s
